<?xml version="1.0" encoding="UTF-8"?>
<testsuite xmlns:xsi="http://www.w3.org/2001/XMLSchema-instance" xsi:noNamespaceSchemaLocation="https://maven.apache.org/surefire/maven-surefire-plugin/xsd/surefire-test-report.xsd" name="TestSuite" time="210.232" tests="1" errors="0" skipped="0" failures="1">
  <properties>
[...]
</properties>
  <testcase name="HOOQ_Web_ActiveUser_Subscription_CashCard" classname="tv.hooq.web.scripts.HOOQ_Web_ActiveUser_Subscription_CashCard" time="150.931">
    <failure message="Test Case Failed because - Failed to complete HOOQ Web ActiveUser SubscriptionSection" type="java.lang.AssertionError">java.lang.AssertionError: Test Case Failed because - Failed to complete HOOQ Web ActiveUser SubscriptionSection
	at tv.hooq.web.scripts.HOOQ_Web_ActiveUser_Subscription_CashCard.TestCaseStatus(HOOQ_Web_ActiveUser_Subscription_CashCard.java:37)
	at tv.hooq.web.scripts.HOOQ_Web_ActiveUser_Subscription_CashCard.HOOQ_Web_ActiveUser_Subscription_CashCard(HOOQ_Web_ActiveUser_Subscription_CashCard.java:86)
</failure>
    <system-out><![CDATA[Executing the test suite on 1 number of threads.
Executing the test suite on  number of threads : 5 number of threads.
Executing the test on thread id : 1
Email Report Status: true
Running on Grid: false
Running on local: false
Running on cloud: false
Running on Environment : prod
Running for Region : India
Running on Device Type : chrome
Running on Platform : windows
Running the Test Class: tv.hooq.web.scripts.HOOQ_Web_ActiveUser_Subscription_CashCard
************ Starting the driver: windows-chrome ***************
11:51:16.305 [Forwarding newSession on session null to remote] DEBUG o.a.h.c.protocol.RequestAddCookies - CookieSpec selected: default
11:51:16.315 [Forwarding newSession on session null to remote] DEBUG o.a.h.c.protocol.RequestAuthCache - Auth cache not set in the context
11:51:16.317 [Forwarding newSession on session null to remote] DEBUG o.a.h.i.c.PoolingHttpClientConnectionManager - Connection request: [route: {}->http://localhost:38386][total kept alive: 0; route allocated: 0 of 2000; total allocated: 0 of 2000]
11:51:16.339 [Forwarding newSession on session null to remote] DEBUG o.a.h.i.c.PoolingHttpClientConnectionManager - Connection leased: [id: 0][route: {}->http://localhost:38386][total kept alive: 0; route allocated: 1 of 2000; total allocated: 1 of 2000]
11:51:16.341 [Forwarding newSession on session null to remote] DEBUG o.a.h.impl.execchain.MainClientExec - Opening connection {}->http://localhost:38386
11:51:16.343 [Forwarding newSession on session null to remote] DEBUG o.a.h.i.c.DefaultHttpClientConnectionOperator - Connecting to localhost/127.0.0.1:38386
11:51:16.345 [Forwarding newSession on session null to remote] DEBUG o.a.h.i.c.DefaultHttpClientConnectionOperator - Connection established 127.0.0.1:55127<->127.0.0.1:38386
11:51:16.346 [Forwarding newSession on session null to remote] DEBUG o.a.h.i.c.DefaultManagedHttpClientConnection - http-outgoing-0: set socket timeout to 10800000
11:51:16.346 [Forwarding newSession on session null to remote] DEBUG o.a.h.impl.execchain.MainClientExec - Executing request POST /session HTTP/1.1
11:51:16.346 [Forwarding newSession on session null to remote] DEBUG o.a.h.impl.execchain.MainClientExec - Target auth state: UNCHALLENGED
11:51:16.348 [Forwarding newSession on session null to remote] DEBUG o.a.h.impl.execchain.MainClientExec - Proxy auth state: UNCHALLENGED
11:51:16.351 [Forwarding newSession on session null to remote] DEBUG org.apache.http.headers - http-outgoing-0 >> POST /session HTTP/1.1
11:51:16.351 [Forwarding newSession on session null to remote] DEBUG org.apache.http.headers - http-outgoing-0 >> Content-Type: application/json; charset=utf-8
11:51:16.351 [Forwarding newSession on session null to remote] DEBUG org.apache.http.headers - http-outgoing-0 >> Content-Length: 48
11:51:16.351 [Forwarding newSession on session null to remote] DEBUG org.apache.http.headers - http-outgoing-0 >> Host: localhost:38386
11:51:16.352 [Forwarding newSession on session null to remote] DEBUG org.apache.http.headers - http-outgoing-0 >> Connection: Keep-Alive
11:51:16.352 [Forwarding newSession on session null to remote] DEBUG org.apache.http.headers - http-outgoing-0 >> User-Agent: Apache-HttpClient/4.5.2 (Java/1.8.0_111)
11:51:16.352 [Forwarding newSession on session null to remote] DEBUG org.apache.http.headers - http-outgoing-0 >> Accept-Encoding: gzip,deflate
11:51:16.353 [Forwarding newSession on session null to remote] DEBUG org.apache.http.wire - http-outgoing-0 >> "POST /session HTTP/1.1[\r][\n]"
11:51:16.353 [Forwarding newSession on session null to remote] DEBUG org.apache.http.wire - http-outgoing-0 >> "Content-Type: application/json; charset=utf-8[\r][\n]"
11:51:16.353 [Forwarding newSession on session null to remote] DEBUG org.apache.http.wire - http-outgoing-0 >> "Content-Length: 48[\r][\n]"
11:51:16.353 [Forwarding newSession on session null to remote] DEBUG org.apache.http.wire - http-outgoing-0 >> "Host: localhost:38386[\r][\n]"
11:51:16.353 [Forwarding newSession on session null to remote] DEBUG org.apache.http.wire - http-outgoing-0 >> "Connection: Keep-Alive[\r][\n]"
11:51:16.353 [Forwarding newSession on session null to remote] DEBUG org.apache.http.wire - http-outgoing-0 >> "User-Agent: Apache-HttpClient/4.5.2 (Java/1.8.0_111)[\r][\n]"
11:51:16.353 [Forwarding newSession on session null to remote] DEBUG org.apache.http.wire - http-outgoing-0 >> "Accept-Encoding: gzip,deflate[\r][\n]"
11:51:16.353 [Forwarding newSession on session null to remote] DEBUG org.apache.http.wire - http-outgoing-0 >> "[\r][\n]"
11:51:16.354 [Forwarding newSession on session null to remote] DEBUG org.apache.http.wire - http-outgoing-0 >> "{"desiredCapabilities":{"browserName":"chrome"}}"
11:51:25.750 [Forwarding newSession on session null to remote] DEBUG org.apache.http.wire - http-outgoing-0 << "HTTP/1.1 200 OK[\r][\n]"
11:51:25.750 [Forwarding newSession on session null to remote] DEBUG org.apache.http.wire - http-outgoing-0 << "Content-Length:802[\r][\n]"
11:51:25.750 [Forwarding newSession on session null to remote] DEBUG org.apache.http.wire - http-outgoing-0 << "Content-Type:application/json; charset=utf-8[\r][\n]"
11:51:25.750 [Forwarding newSession on session null to remote] DEBUG org.apache.http.wire - http-outgoing-0 << "Connection:close[\r][\n]"
11:51:25.750 [Forwarding newSession on session null to remote] DEBUG org.apache.http.wire - http-outgoing-0 << "[\r][\n]"
11:51:25.750 [Forwarding newSession on session null to remote] DEBUG org.apache.http.wire - http-outgoing-0 << "{"sessionId":"37c14d504020035d1e6cd22a23b27d6d","status":0,"value":{"acceptSslCerts":true,"applicationCacheEnabled":false,"browserConnectionEnabled":false,"browserName":"chrome","chrome":{"chromedriverVersion":"2.33.506120 (e3e53437346286c0bc2d2dc9aa4915ba81d9023f)","userDataDir":"C:\\Users\\E002159\\AppData\\Local\\Temp\\scoped_dir13372_8102"},"cssSelectorsEnabled":true,"databaseEnabled":false,"handlesAlerts":true,"hasTouchScreen":false,"javascriptEnabled":true,"locationContextEnabled":true,"mobileEmulationEnabled":false,"nativeEvents":true,"networkConnectionEnabled":false,"pageLoadStrategy":"normal","platform":"Windows NT","rotatable":false,"setWindowRect":true,"takesHeapSnapshot":true,"takesScreenshot":true,"unexpectedAlertBehaviour":"","version":"63.0.3239.108","webStorageEnabled":true}}"
11:51:25.752 [Forwarding newSession on session null to remote] DEBUG org.apache.http.headers - http-outgoing-0 << HTTP/1.1 200 OK
11:51:25.753 [Forwarding newSession on session null to remote] DEBUG org.apache.http.headers - http-outgoing-0 << Content-Length:802
11:51:25.753 [Forwarding newSession on session null to remote] DEBUG org.apache.http.headers - http-outgoing-0 << Content-Type:application/json; charset=utf-8
11:51:25.753 [Forwarding newSession on session null to remote] DEBUG org.apache.http.headers - http-outgoing-0 << Connection:close
11:51:25.759 [Forwarding newSession on session null to remote] DEBUG o.a.h.i.c.DefaultManagedHttpClientConnection - http-outgoing-0: Close connection
11:51:25.760 [Forwarding newSession on session null to remote] DEBUG o.a.h.impl.execchain.MainClientExec - Connection discarded
11:51:25.760 [Forwarding newSession on session null to remote] DEBUG o.a.h.i.c.PoolingHttpClientConnectionManager - Connection released: [id: 0][route: {}->http://localhost:38386][total kept alive: 0; route allocated: 0 of 2000; total allocated: 0 of 2000]
11:51:25.851 [Forwarding maximizeWindow on session 37c14d504020035d1e6cd22a23b27d6d to remote] DEBUG o.a.h.c.protocol.RequestAddCookies - CookieSpec selected: default
11:51:25.851 [Forwarding maximizeWindow on session 37c14d504020035d1e6cd22a23b27d6d to remote] DEBUG o.a.h.c.protocol.RequestAuthCache - Auth cache not set in the context
11:51:25.851 [Forwarding maximizeWindow on session 37c14d504020035d1e6cd22a23b27d6d to remote] DEBUG o.a.h.i.c.PoolingHttpClientConnectionManager - Connection request: [route: {}->http://localhost:38386][total kept alive: 0; route allocated: 0 of 2000; total allocated: 0 of 2000]
11:51:25.851 [Forwarding maximizeWindow on session 37c14d504020035d1e6cd22a23b27d6d to remote] DEBUG o.a.h.i.c.PoolingHttpClientConnectionManager - Connection leased: [id: 1][route: {}->http://localhost:38386][total kept alive: 0; route allocated: 1 of 2000; total allocated: 1 of 2000]
11:51:25.851 [Forwarding maximizeWindow on session 37c14d504020035d1e6cd22a23b27d6d to remote] DEBUG o.a.h.impl.execchain.MainClientExec - Opening connection {}->http://localhost:38386
11:51:25.851 [Forwarding maximizeWindow on session 37c14d504020035d1e6cd22a23b27d6d to remote] DEBUG o.a.h.i.c.DefaultHttpClientConnectionOperator - Connecting to localhost/127.0.0.1:38386
11:51:25.852 [Forwarding maximizeWindow on session 37c14d504020035d1e6cd22a23b27d6d to remote] DEBUG o.a.h.i.c.DefaultHttpClientConnectionOperator - Connection established 127.0.0.1:55153<->127.0.0.1:38386
11:51:25.852 [Forwarding maximizeWindow on session 37c14d504020035d1e6cd22a23b27d6d to remote] DEBUG o.a.h.i.c.DefaultManagedHttpClientConnection - http-outgoing-1: set socket timeout to 10800000
11:51:25.852 [Forwarding maximizeWindow on session 37c14d504020035d1e6cd22a23b27d6d to remote] DEBUG o.a.h.impl.execchain.MainClientExec - Executing request POST /session/37c14d504020035d1e6cd22a23b27d6d/window/current/maximize HTTP/1.1
11:51:25.852 [Forwarding maximizeWindow on session 37c14d504020035d1e6cd22a23b27d6d to remote] DEBUG o.a.h.impl.execchain.MainClientExec - Target auth state: UNCHALLENGED
11:51:25.852 [Forwarding maximizeWindow on session 37c14d504020035d1e6cd22a23b27d6d to remote] DEBUG o.a.h.impl.execchain.MainClientExec - Proxy auth state: UNCHALLENGED
11:51:25.852 [Forwarding maximizeWindow on session 37c14d504020035d1e6cd22a23b27d6d to remote] DEBUG org.apache.http.headers - http-outgoing-1 >> POST /session/37c14d504020035d1e6cd22a23b27d6d/window/current/maximize HTTP/1.1
11:51:25.852 [Forwarding maximizeWindow on session 37c14d504020035d1e6cd22a23b27d6d to remote] DEBUG org.apache.http.headers - http-outgoing-1 >> Content-Type: application/json; charset=utf-8
11:51:25.852 [Forwarding maximizeWindow on session 37c14d504020035d1e6cd22a23b27d6d to remote] DEBUG org.apache.http.headers - http-outgoing-1 >> Content-Length: 26
11:51:25.852 [Forwarding maximizeWindow on session 37c14d504020035d1e6cd22a23b27d6d to remote] DEBUG org.apache.http.headers - http-outgoing-1 >> Host: localhost:38386
11:51:25.852 [Forwarding maximizeWindow on session 37c14d504020035d1e6cd22a23b27d6d to remote] DEBUG org.apache.http.headers - http-outgoing-1 >> Connection: Keep-Alive
11:51:25.852 [Forwarding maximizeWindow on session 37c14d504020035d1e6cd22a23b27d6d to remote] DEBUG org.apache.http.headers - http-outgoing-1 >> User-Agent: Apache-HttpClient/4.5.2 (Java/1.8.0_111)
11:51:25.852 [Forwarding maximizeWindow on session 37c14d504020035d1e6cd22a23b27d6d to remote] DEBUG org.apache.http.headers - http-outgoing-1 >> Accept-Encoding: gzip,deflate
11:51:25.852 [Forwarding maximizeWindow on session 37c14d504020035d1e6cd22a23b27d6d to remote] DEBUG org.apache.http.wire - http-outgoing-1 >> "POST /session/37c14d504020035d1e6cd22a23b27d6d/window/current/maximize HTTP/1.1[\r][\n]"
11:51:25.852 [Forwarding maximizeWindow on session 37c14d504020035d1e6cd22a23b27d6d to remote] DEBUG org.apache.http.wire - http-outgoing-1 >> "Content-Type: application/json; charset=utf-8[\r][\n]"
11:51:25.852 [Forwarding maximizeWindow on session 37c14d504020035d1e6cd22a23b27d6d to remote] DEBUG org.apache.http.wire - http-outgoing-1 >> "Content-Length: 26[\r][\n]"
11:51:25.852 [Forwarding maximizeWindow on session 37c14d504020035d1e6cd22a23b27d6d to remote] DEBUG org.apache.http.wire - http-outgoing-1 >> "Host: localhost:38386[\r][\n]"
11:51:25.852 [Forwarding maximizeWindow on session 37c14d504020035d1e6cd22a23b27d6d to remote] DEBUG org.apache.http.wire - http-outgoing-1 >> "Connection: Keep-Alive[\r][\n]"
11:51:25.852 [Forwarding maximizeWindow on session 37c14d504020035d1e6cd22a23b27d6d to remote] DEBUG org.apache.http.wire - http-outgoing-1 >> "User-Agent: Apache-HttpClient/4.5.2 (Java/1.8.0_111)[\r][\n]"
11:51:25.852 [Forwarding maximizeWindow on session 37c14d504020035d1e6cd22a23b27d6d to remote] DEBUG org.apache.http.wire - http-outgoing-1 >> "Accept-Encoding: gzip,deflate[\r][\n]"
11:51:25.852 [Forwarding maximizeWindow on session 37c14d504020035d1e6cd22a23b27d6d to remote] DEBUG org.apache.http.wire - http-outgoing-1 >> "[\r][\n]"
11:51:25.852 [Forwarding maximizeWindow on session 37c14d504020035d1e6cd22a23b27d6d to remote] DEBUG org.apache.http.wire - http-outgoing-1 >> "{"windowHandle":"current"}"
11:51:27.026 [Forwarding maximizeWindow on session 37c14d504020035d1e6cd22a23b27d6d to remote] DEBUG org.apache.http.wire - http-outgoing-1 << "HTTP/1.1 200 OK[\r][\n]"
11:51:27.026 [Forwarding maximizeWindow on session 37c14d504020035d1e6cd22a23b27d6d to remote] DEBUG org.apache.http.wire - http-outgoing-1 << "Content-Length:72[\r][\n]"
11:51:27.026 [Forwarding maximizeWindow on session 37c14d504020035d1e6cd22a23b27d6d to remote] DEBUG org.apache.http.wire - http-outgoing-1 << "Content-Type:application/json; charset=utf-8[\r][\n]"
11:51:27.026 [Forwarding maximizeWindow on session 37c14d504020035d1e6cd22a23b27d6d to remote] DEBUG org.apache.http.wire - http-outgoing-1 << "Connection:close[\r][\n]"
11:51:27.026 [Forwarding maximizeWindow on session 37c14d504020035d1e6cd22a23b27d6d to remote] DEBUG org.apache.http.wire - http-outgoing-1 << "[\r][\n]"
11:51:27.026 [Forwarding maximizeWindow on session 37c14d504020035d1e6cd22a23b27d6d to remote] DEBUG org.apache.http.wire - http-outgoing-1 << "{"sessionId":"37c14d504020035d1e6cd22a23b27d6d","status":0,"value":null}"
11:51:27.026 [Forwarding maximizeWindow on session 37c14d504020035d1e6cd22a23b27d6d to remote] DEBUG org.apache.http.headers - http-outgoing-1 << HTTP/1.1 200 OK
11:51:27.026 [Forwarding maximizeWindow on session 37c14d504020035d1e6cd22a23b27d6d to remote] DEBUG org.apache.http.headers - http-outgoing-1 << Content-Length:72
11:51:27.026 [Forwarding maximizeWindow on session 37c14d504020035d1e6cd22a23b27d6d to remote] DEBUG org.apache.http.headers - http-outgoing-1 << Content-Type:application/json; charset=utf-8
11:51:27.026 [Forwarding maximizeWindow on session 37c14d504020035d1e6cd22a23b27d6d to remote] DEBUG org.apache.http.headers - http-outgoing-1 << Connection:close
11:51:27.026 [Forwarding maximizeWindow on session 37c14d504020035d1e6cd22a23b27d6d to remote] DEBUG o.a.h.i.c.DefaultManagedHttpClientConnection - http-outgoing-1: Close connection
11:51:27.026 [Forwarding maximizeWindow on session 37c14d504020035d1e6cd22a23b27d6d to remote] DEBUG o.a.h.impl.execchain.MainClientExec - Connection discarded
11:51:27.026 [Forwarding maximizeWindow on session 37c14d504020035d1e6cd22a23b27d6d to remote] DEBUG o.a.h.i.c.PoolingHttpClientConnectionManager - Connection released: [id: 1][route: {}->http://localhost:38386][total kept alive: 0; route allocated: 0 of 2000; total allocated: 0 of 2000]
11:51:27.029 [Forwarding deleteAllCookies on session 37c14d504020035d1e6cd22a23b27d6d to remote] DEBUG o.a.h.c.protocol.RequestAddCookies - CookieSpec selected: default
11:51:27.029 [Forwarding deleteAllCookies on session 37c14d504020035d1e6cd22a23b27d6d to remote] DEBUG o.a.h.c.protocol.RequestAuthCache - Auth cache not set in the context
11:51:27.030 [Forwarding deleteAllCookies on session 37c14d504020035d1e6cd22a23b27d6d to remote] DEBUG o.a.h.i.c.PoolingHttpClientConnectionManager - Connection request: [route: {}->http://localhost:38386][total kept alive: 0; route allocated: 0 of 2000; total allocated: 0 of 2000]
11:51:27.030 [Forwarding deleteAllCookies on session 37c14d504020035d1e6cd22a23b27d6d to remote] DEBUG o.a.h.i.c.PoolingHttpClientConnectionManager - Connection leased: [id: 2][route: {}->http://localhost:38386][total kept alive: 0; route allocated: 1 of 2000; total allocated: 1 of 2000]
11:51:27.030 [Forwarding deleteAllCookies on session 37c14d504020035d1e6cd22a23b27d6d to remote] DEBUG o.a.h.impl.execchain.MainClientExec - Opening connection {}->http://localhost:38386
11:51:27.031 [Forwarding deleteAllCookies on session 37c14d504020035d1e6cd22a23b27d6d to remote] DEBUG o.a.h.i.c.DefaultHttpClientConnectionOperator - Connecting to localhost/127.0.0.1:38386
11:51:27.031 [Forwarding deleteAllCookies on session 37c14d504020035d1e6cd22a23b27d6d to remote] DEBUG o.a.h.i.c.DefaultHttpClientConnectionOperator - Connection established 127.0.0.1:55160<->127.0.0.1:38386
11:51:27.032 [Forwarding deleteAllCookies on session 37c14d504020035d1e6cd22a23b27d6d to remote] DEBUG o.a.h.i.c.DefaultManagedHttpClientConnection - http-outgoing-2: set socket timeout to 10800000
11:51:27.032 [Forwarding deleteAllCookies on session 37c14d504020035d1e6cd22a23b27d6d to remote] DEBUG o.a.h.impl.execchain.MainClientExec - Executing request DELETE /session/37c14d504020035d1e6cd22a23b27d6d/cookie HTTP/1.1
11:51:27.032 [Forwarding deleteAllCookies on session 37c14d504020035d1e6cd22a23b27d6d to remote] DEBUG o.a.h.impl.execchain.MainClientExec - Target auth state: UNCHALLENGED
11:51:27.032 [Forwarding deleteAllCookies on session 37c14d504020035d1e6cd22a23b27d6d to remote] DEBUG o.a.h.impl.execchain.MainClientExec - Proxy auth state: UNCHALLENGED
11:51:27.032 [Forwarding deleteAllCookies on session 37c14d504020035d1e6cd22a23b27d6d to remote] DEBUG org.apache.http.headers - http-outgoing-2 >> DELETE /session/37c14d504020035d1e6cd22a23b27d6d/cookie HTTP/1.1
11:51:27.032 [Forwarding deleteAllCookies on session 37c14d504020035d1e6cd22a23b27d6d to remote] DEBUG org.apache.http.headers - http-outgoing-2 >> Host: localhost:38386
11:51:27.032 [Forwarding deleteAllCookies on session 37c14d504020035d1e6cd22a23b27d6d to remote] DEBUG org.apache.http.headers - http-outgoing-2 >> Connection: Keep-Alive
11:51:27.032 [Forwarding deleteAllCookies on session 37c14d504020035d1e6cd22a23b27d6d to remote] DEBUG org.apache.http.headers - http-outgoing-2 >> User-Agent: Apache-HttpClient/4.5.2 (Java/1.8.0_111)
11:51:27.032 [Forwarding deleteAllCookies on session 37c14d504020035d1e6cd22a23b27d6d to remote] DEBUG org.apache.http.headers - http-outgoing-2 >> Accept-Encoding: gzip,deflate
11:51:27.032 [Forwarding deleteAllCookies on session 37c14d504020035d1e6cd22a23b27d6d to remote] DEBUG org.apache.http.wire - http-outgoing-2 >> "DELETE /session/37c14d504020035d1e6cd22a23b27d6d/cookie HTTP/1.1[\r][\n]"
11:51:27.032 [Forwarding deleteAllCookies on session 37c14d504020035d1e6cd22a23b27d6d to remote] DEBUG org.apache.http.wire - http-outgoing-2 >> "Host: localhost:38386[\r][\n]"
11:51:27.032 [Forwarding deleteAllCookies on session 37c14d504020035d1e6cd22a23b27d6d to remote] DEBUG org.apache.http.wire - http-outgoing-2 >> "Connection: Keep-Alive[\r][\n]"
11:51:27.032 [Forwarding deleteAllCookies on session 37c14d504020035d1e6cd22a23b27d6d to remote] DEBUG org.apache.http.wire - http-outgoing-2 >> "User-Agent: Apache-HttpClient/4.5.2 (Java/1.8.0_111)[\r][\n]"
11:51:27.032 [Forwarding deleteAllCookies on session 37c14d504020035d1e6cd22a23b27d6d to remote] DEBUG org.apache.http.wire - http-outgoing-2 >> "Accept-Encoding: gzip,deflate[\r][\n]"
11:51:27.032 [Forwarding deleteAllCookies on session 37c14d504020035d1e6cd22a23b27d6d to remote] DEBUG org.apache.http.wire - http-outgoing-2 >> "[\r][\n]"
11:51:27.830 [Forwarding deleteAllCookies on session 37c14d504020035d1e6cd22a23b27d6d to remote] DEBUG org.apache.http.wire - http-outgoing-2 << "HTTP/1.1 200 OK[\r][\n]"
11:51:27.830 [Forwarding deleteAllCookies on session 37c14d504020035d1e6cd22a23b27d6d to remote] DEBUG org.apache.http.wire - http-outgoing-2 << "Content-Length:72[\r][\n]"
11:51:27.830 [Forwarding deleteAllCookies on session 37c14d504020035d1e6cd22a23b27d6d to remote] DEBUG org.apache.http.wire - http-outgoing-2 << "Content-Type:application/json; charset=utf-8[\r][\n]"
11:51:27.830 [Forwarding deleteAllCookies on session 37c14d504020035d1e6cd22a23b27d6d to remote] DEBUG org.apache.http.wire - http-outgoing-2 << "Connection:close[\r][\n]"
11:51:27.830 [Forwarding deleteAllCookies on session 37c14d504020035d1e6cd22a23b27d6d to remote] DEBUG org.apache.http.wire - http-outgoing-2 << "[\r][\n]"
11:51:27.830 [Forwarding deleteAllCookies on session 37c14d504020035d1e6cd22a23b27d6d to remote] DEBUG org.apache.http.wire - http-outgoing-2 << "{"sessionId":"37c14d504020035d1e6cd22a23b27d6d","status":0,"value":null}"
11:51:27.830 [Forwarding deleteAllCookies on session 37c14d504020035d1e6cd22a23b27d6d to remote] DEBUG org.apache.http.headers - http-outgoing-2 << HTTP/1.1 200 OK
11:51:27.830 [Forwarding deleteAllCookies on session 37c14d504020035d1e6cd22a23b27d6d to remote] DEBUG org.apache.http.headers - http-outgoing-2 << Content-Length:72
11:51:27.830 [Forwarding deleteAllCookies on session 37c14d504020035d1e6cd22a23b27d6d to remote] DEBUG org.apache.http.headers - http-outgoing-2 << Content-Type:application/json; charset=utf-8
11:51:27.830 [Forwarding deleteAllCookies on session 37c14d504020035d1e6cd22a23b27d6d to remote] DEBUG org.apache.http.headers - http-outgoing-2 << Connection:close
11:51:27.831 [Forwarding deleteAllCookies on session 37c14d504020035d1e6cd22a23b27d6d to remote] DEBUG o.a.h.i.c.DefaultManagedHttpClientConnection - http-outgoing-2: Close connection
11:51:27.831 [Forwarding deleteAllCookies on session 37c14d504020035d1e6cd22a23b27d6d to remote] DEBUG o.a.h.impl.execchain.MainClientExec - Connection discarded
11:51:27.831 [Forwarding deleteAllCookies on session 37c14d504020035d1e6cd22a23b27d6d to remote] DEBUG o.a.h.i.c.PoolingHttpClientConnectionManager - Connection released: [id: 2][route: {}->http://localhost:38386][total kept alive: 0; route allocated: 0 of 2000; total allocated: 0 of 2000]
Successfully Launched the driver: windows-chrome on the node IP: CTLINDT-0792
11:51:27.833 [Forwarding getCurrentWindowHandle on session 37c14d504020035d1e6cd22a23b27d6d to remote] DEBUG o.a.h.c.protocol.RequestAddCookies - CookieSpec selected: default
11:51:27.833 [Forwarding getCurrentWindowHandle on session 37c14d504020035d1e6cd22a23b27d6d to remote] DEBUG o.a.h.c.protocol.RequestAuthCache - Auth cache not set in the context
11:51:27.833 [Forwarding getCurrentWindowHandle on session 37c14d504020035d1e6cd22a23b27d6d to remote] DEBUG o.a.h.i.c.PoolingHttpClientConnectionManager - Connection request: [route: {}->http://localhost:38386][total kept alive: 0; route allocated: 0 of 2000; total allocated: 0 of 2000]
11:51:27.833 [Forwarding getCurrentWindowHandle on session 37c14d504020035d1e6cd22a23b27d6d to remote] DEBUG o.a.h.i.c.PoolingHttpClientConnectionManager - Connection leased: [id: 3][route: {}->http://localhost:38386][total kept alive: 0; route allocated: 1 of 2000; total allocated: 1 of 2000]
11:51:27.833 [Forwarding getCurrentWindowHandle on session 37c14d504020035d1e6cd22a23b27d6d to remote] DEBUG o.a.h.impl.execchain.MainClientExec - Opening connection {}->http://localhost:38386
11:51:27.833 [Forwarding getCurrentWindowHandle on session 37c14d504020035d1e6cd22a23b27d6d to remote] DEBUG o.a.h.i.c.DefaultHttpClientConnectionOperator - Connecting to localhost/127.0.0.1:38386
11:51:27.833 [Forwarding getCurrentWindowHandle on session 37c14d504020035d1e6cd22a23b27d6d to remote] DEBUG o.a.h.i.c.DefaultHttpClientConnectionOperator - Connection established 127.0.0.1:55165<->127.0.0.1:38386
11:51:27.834 [Forwarding getCurrentWindowHandle on session 37c14d504020035d1e6cd22a23b27d6d to remote] DEBUG o.a.h.i.c.DefaultManagedHttpClientConnection - http-outgoing-3: set socket timeout to 10800000
11:51:27.834 [Forwarding getCurrentWindowHandle on session 37c14d504020035d1e6cd22a23b27d6d to remote] DEBUG o.a.h.impl.execchain.MainClientExec - Executing request GET /session/37c14d504020035d1e6cd22a23b27d6d/window_handle HTTP/1.1
11:51:27.834 [Forwarding getCurrentWindowHandle on session 37c14d504020035d1e6cd22a23b27d6d to remote] DEBUG o.a.h.impl.execchain.MainClientExec - Target auth state: UNCHALLENGED
11:51:27.834 [Forwarding getCurrentWindowHandle on session 37c14d504020035d1e6cd22a23b27d6d to remote] DEBUG o.a.h.impl.execchain.MainClientExec - Proxy auth state: UNCHALLENGED
11:51:27.834 [Forwarding getCurrentWindowHandle on session 37c14d504020035d1e6cd22a23b27d6d to remote] DEBUG org.apache.http.headers - http-outgoing-3 >> GET /session/37c14d504020035d1e6cd22a23b27d6d/window_handle HTTP/1.1
11:51:27.834 [Forwarding getCurrentWindowHandle on session 37c14d504020035d1e6cd22a23b27d6d to remote] DEBUG org.apache.http.headers - http-outgoing-3 >> Cache-Control: no-cache
11:51:27.834 [Forwarding getCurrentWindowHandle on session 37c14d504020035d1e6cd22a23b27d6d to remote] DEBUG org.apache.http.headers - http-outgoing-3 >> Host: localhost:38386
11:51:27.834 [Forwarding getCurrentWindowHandle on session 37c14d504020035d1e6cd22a23b27d6d to remote] DEBUG org.apache.http.headers - http-outgoing-3 >> Connection: Keep-Alive
11:51:27.834 [Forwarding getCurrentWindowHandle on session 37c14d504020035d1e6cd22a23b27d6d to remote] DEBUG org.apache.http.headers - http-outgoing-3 >> User-Agent: Apache-HttpClient/4.5.2 (Java/1.8.0_111)
11:51:27.834 [Forwarding getCurrentWindowHandle on session 37c14d504020035d1e6cd22a23b27d6d to remote] DEBUG org.apache.http.headers - http-outgoing-3 >> Accept-Encoding: gzip,deflate
11:51:27.834 [Forwarding getCurrentWindowHandle on session 37c14d504020035d1e6cd22a23b27d6d to remote] DEBUG org.apache.http.wire - http-outgoing-3 >> "GET /session/37c14d504020035d1e6cd22a23b27d6d/window_handle HTTP/1.1[\r][\n]"
11:51:27.834 [Forwarding getCurrentWindowHandle on session 37c14d504020035d1e6cd22a23b27d6d to remote] DEBUG org.apache.http.wire - http-outgoing-3 >> "Cache-Control: no-cache[\r][\n]"
11:51:27.834 [Forwarding getCurrentWindowHandle on session 37c14d504020035d1e6cd22a23b27d6d to remote] DEBUG org.apache.http.wire - http-outgoing-3 >> "Host: localhost:38386[\r][\n]"
11:51:27.834 [Forwarding getCurrentWindowHandle on session 37c14d504020035d1e6cd22a23b27d6d to remote] DEBUG org.apache.http.wire - http-outgoing-3 >> "Connection: Keep-Alive[\r][\n]"
11:51:27.834 [Forwarding getCurrentWindowHandle on session 37c14d504020035d1e6cd22a23b27d6d to remote] DEBUG org.apache.http.wire - http-outgoing-3 >> "User-Agent: Apache-HttpClient/4.5.2 (Java/1.8.0_111)[\r][\n]"
11:51:27.834 [Forwarding getCurrentWindowHandle on session 37c14d504020035d1e6cd22a23b27d6d to remote] DEBUG org.apache.http.wire - http-outgoing-3 >> "Accept-Encoding: gzip,deflate[\r][\n]"
11:51:27.834 [Forwarding getCurrentWindowHandle on session 37c14d504020035d1e6cd22a23b27d6d to remote] DEBUG org.apache.http.wire - http-outgoing-3 >> "[\r][\n]"
11:51:27.837 [Forwarding getCurrentWindowHandle on session 37c14d504020035d1e6cd22a23b27d6d to remote] DEBUG org.apache.http.wire - http-outgoing-3 << "HTTP/1.1 200 OK[\r][\n]"
11:51:27.837 [Forwarding getCurrentWindowHandle on session 37c14d504020035d1e6cd22a23b27d6d to remote] DEBUG org.apache.http.wire - http-outgoing-3 << "Content-Length:112[\r][\n]"
11:51:27.837 [Forwarding getCurrentWindowHandle on session 37c14d504020035d1e6cd22a23b27d6d to remote] DEBUG org.apache.http.wire - http-outgoing-3 << "Content-Type:application/json; charset=utf-8[\r][\n]"
11:51:27.837 [Forwarding getCurrentWindowHandle on session 37c14d504020035d1e6cd22a23b27d6d to remote] DEBUG org.apache.http.wire - http-outgoing-3 << "Connection:close[\r][\n]"
11:51:27.837 [Forwarding getCurrentWindowHandle on session 37c14d504020035d1e6cd22a23b27d6d to remote] DEBUG org.apache.http.wire - http-outgoing-3 << "[\r][\n]"
11:51:27.837 [Forwarding getCurrentWindowHandle on session 37c14d504020035d1e6cd22a23b27d6d to remote] DEBUG org.apache.http.wire - http-outgoing-3 << "{"sessionId":"37c14d504020035d1e6cd22a23b27d6d","status":0,"value":"CDwindow-(F06E5A870F4D451F4F57857195E0F62)"}"
11:51:27.837 [Forwarding getCurrentWindowHandle on session 37c14d504020035d1e6cd22a23b27d6d to remote] DEBUG org.apache.http.headers - http-outgoing-3 << HTTP/1.1 200 OK
11:51:27.838 [Forwarding getCurrentWindowHandle on session 37c14d504020035d1e6cd22a23b27d6d to remote] DEBUG org.apache.http.headers - http-outgoing-3 << Content-Length:112
11:51:27.838 [Forwarding getCurrentWindowHandle on session 37c14d504020035d1e6cd22a23b27d6d to remote] DEBUG org.apache.http.headers - http-outgoing-3 << Content-Type:application/json; charset=utf-8
11:51:27.838 [Forwarding getCurrentWindowHandle on session 37c14d504020035d1e6cd22a23b27d6d to remote] DEBUG org.apache.http.headers - http-outgoing-3 << Connection:close
11:51:27.838 [Forwarding getCurrentWindowHandle on session 37c14d504020035d1e6cd22a23b27d6d to remote] DEBUG o.a.h.i.c.DefaultManagedHttpClientConnection - http-outgoing-3: Close connection
11:51:27.838 [Forwarding getCurrentWindowHandle on session 37c14d504020035d1e6cd22a23b27d6d to remote] DEBUG o.a.h.impl.execchain.MainClientExec - Connection discarded
11:51:27.838 [Forwarding getCurrentWindowHandle on session 37c14d504020035d1e6cd22a23b27d6d to remote] DEBUG o.a.h.i.c.PoolingHttpClientConnectionManager - Connection released: [id: 3][route: {}->http://localhost:38386][total kept alive: 0; route allocated: 0 of 2000; total allocated: 0 of 2000]
11:51:27.839 [Forwarding getWindowHandles on session 37c14d504020035d1e6cd22a23b27d6d to remote] DEBUG o.a.h.c.protocol.RequestAddCookies - CookieSpec selected: default
11:51:27.839 [Forwarding getWindowHandles on session 37c14d504020035d1e6cd22a23b27d6d to remote] DEBUG o.a.h.c.protocol.RequestAuthCache - Auth cache not set in the context
11:51:27.839 [Forwarding getWindowHandles on session 37c14d504020035d1e6cd22a23b27d6d to remote] DEBUG o.a.h.i.c.PoolingHttpClientConnectionManager - Connection request: [route: {}->http://localhost:38386][total kept alive: 0; route allocated: 0 of 2000; total allocated: 0 of 2000]
11:51:27.839 [Forwarding getWindowHandles on session 37c14d504020035d1e6cd22a23b27d6d to remote] DEBUG o.a.h.i.c.PoolingHttpClientConnectionManager - Connection leased: [id: 4][route: {}->http://localhost:38386][total kept alive: 0; route allocated: 1 of 2000; total allocated: 1 of 2000]
11:51:27.839 [Forwarding getWindowHandles on session 37c14d504020035d1e6cd22a23b27d6d to remote] DEBUG o.a.h.impl.execchain.MainClientExec - Opening connection {}->http://localhost:38386
11:51:27.839 [Forwarding getWindowHandles on session 37c14d504020035d1e6cd22a23b27d6d to remote] DEBUG o.a.h.i.c.DefaultHttpClientConnectionOperator - Connecting to localhost/127.0.0.1:38386
11:51:27.839 [Forwarding getWindowHandles on session 37c14d504020035d1e6cd22a23b27d6d to remote] DEBUG o.a.h.i.c.DefaultHttpClientConnectionOperator - Connection established 127.0.0.1:55166<->127.0.0.1:38386
11:51:27.839 [Forwarding getWindowHandles on session 37c14d504020035d1e6cd22a23b27d6d to remote] DEBUG o.a.h.i.c.DefaultManagedHttpClientConnection - http-outgoing-4: set socket timeout to 10800000
11:51:27.840 [Forwarding getWindowHandles on session 37c14d504020035d1e6cd22a23b27d6d to remote] DEBUG o.a.h.impl.execchain.MainClientExec - Executing request GET /session/37c14d504020035d1e6cd22a23b27d6d/window_handles HTTP/1.1
11:51:27.840 [Forwarding getWindowHandles on session 37c14d504020035d1e6cd22a23b27d6d to remote] DEBUG o.a.h.impl.execchain.MainClientExec - Target auth state: UNCHALLENGED
11:51:27.840 [Forwarding getWindowHandles on session 37c14d504020035d1e6cd22a23b27d6d to remote] DEBUG o.a.h.impl.execchain.MainClientExec - Proxy auth state: UNCHALLENGED
11:51:27.840 [Forwarding getWindowHandles on session 37c14d504020035d1e6cd22a23b27d6d to remote] DEBUG org.apache.http.headers - http-outgoing-4 >> GET /session/37c14d504020035d1e6cd22a23b27d6d/window_handles HTTP/1.1
11:51:27.840 [Forwarding getWindowHandles on session 37c14d504020035d1e6cd22a23b27d6d to remote] DEBUG org.apache.http.headers - http-outgoing-4 >> Cache-Control: no-cache
11:51:27.840 [Forwarding getWindowHandles on session 37c14d504020035d1e6cd22a23b27d6d to remote] DEBUG org.apache.http.headers - http-outgoing-4 >> Host: localhost:38386
11:51:27.840 [Forwarding getWindowHandles on session 37c14d504020035d1e6cd22a23b27d6d to remote] DEBUG org.apache.http.headers - http-outgoing-4 >> Connection: Keep-Alive
11:51:27.840 [Forwarding getWindowHandles on session 37c14d504020035d1e6cd22a23b27d6d to remote] DEBUG org.apache.http.headers - http-outgoing-4 >> User-Agent: Apache-HttpClient/4.5.2 (Java/1.8.0_111)
11:51:27.840 [Forwarding getWindowHandles on session 37c14d504020035d1e6cd22a23b27d6d to remote] DEBUG org.apache.http.headers - http-outgoing-4 >> Accept-Encoding: gzip,deflate
11:51:27.840 [Forwarding getWindowHandles on session 37c14d504020035d1e6cd22a23b27d6d to remote] DEBUG org.apache.http.wire - http-outgoing-4 >> "GET /session/37c14d504020035d1e6cd22a23b27d6d/window_handles HTTP/1.1[\r][\n]"
11:51:27.840 [Forwarding getWindowHandles on session 37c14d504020035d1e6cd22a23b27d6d to remote] DEBUG org.apache.http.wire - http-outgoing-4 >> "Cache-Control: no-cache[\r][\n]"
11:51:27.840 [Forwarding getWindowHandles on session 37c14d504020035d1e6cd22a23b27d6d to remote] DEBUG org.apache.http.wire - http-outgoing-4 >> "Host: localhost:38386[\r][\n]"
11:51:27.840 [Forwarding getWindowHandles on session 37c14d504020035d1e6cd22a23b27d6d to remote] DEBUG org.apache.http.wire - http-outgoing-4 >> "Connection: Keep-Alive[\r][\n]"
11:51:27.840 [Forwarding getWindowHandles on session 37c14d504020035d1e6cd22a23b27d6d to remote] DEBUG org.apache.http.wire - http-outgoing-4 >> "User-Agent: Apache-HttpClient/4.5.2 (Java/1.8.0_111)[\r][\n]"
11:51:27.840 [Forwarding getWindowHandles on session 37c14d504020035d1e6cd22a23b27d6d to remote] DEBUG org.apache.http.wire - http-outgoing-4 >> "Accept-Encoding: gzip,deflate[\r][\n]"
11:51:27.840 [Forwarding getWindowHandles on session 37c14d504020035d1e6cd22a23b27d6d to remote] DEBUG org.apache.http.wire - http-outgoing-4 >> "[\r][\n]"
11:51:27.846 [Forwarding getWindowHandles on session 37c14d504020035d1e6cd22a23b27d6d to remote] DEBUG org.apache.http.wire - http-outgoing-4 << "HTTP/1.1 200 OK[\r][\n]"
11:51:27.846 [Forwarding getWindowHandles on session 37c14d504020035d1e6cd22a23b27d6d to remote] DEBUG org.apache.http.wire - http-outgoing-4 << "Content-Length:114[\r][\n]"
11:51:27.846 [Forwarding getWindowHandles on session 37c14d504020035d1e6cd22a23b27d6d to remote] DEBUG org.apache.http.wire - http-outgoing-4 << "Content-Type:application/json; charset=utf-8[\r][\n]"
11:51:27.846 [Forwarding getWindowHandles on session 37c14d504020035d1e6cd22a23b27d6d to remote] DEBUG org.apache.http.wire - http-outgoing-4 << "Connection:close[\r][\n]"
11:51:27.846 [Forwarding getWindowHandles on session 37c14d504020035d1e6cd22a23b27d6d to remote] DEBUG org.apache.http.wire - http-outgoing-4 << "[\r][\n]"
11:51:27.846 [Forwarding getWindowHandles on session 37c14d504020035d1e6cd22a23b27d6d to remote] DEBUG org.apache.http.wire - http-outgoing-4 << "{"sessionId":"37c14d504020035d1e6cd22a23b27d6d","status":0,"value":["CDwindow-(F06E5A870F4D451F4F57857195E0F62)"]}"
11:51:27.846 [Forwarding getWindowHandles on session 37c14d504020035d1e6cd22a23b27d6d to remote] DEBUG org.apache.http.headers - http-outgoing-4 << HTTP/1.1 200 OK
11:51:27.847 [Forwarding getWindowHandles on session 37c14d504020035d1e6cd22a23b27d6d to remote] DEBUG org.apache.http.headers - http-outgoing-4 << Content-Length:114
11:51:27.847 [Forwarding getWindowHandles on session 37c14d504020035d1e6cd22a23b27d6d to remote] DEBUG org.apache.http.headers - http-outgoing-4 << Content-Type:application/json; charset=utf-8
11:51:27.847 [Forwarding getWindowHandles on session 37c14d504020035d1e6cd22a23b27d6d to remote] DEBUG org.apache.http.headers - http-outgoing-4 << Connection:close
11:51:27.847 [Forwarding getWindowHandles on session 37c14d504020035d1e6cd22a23b27d6d to remote] DEBUG o.a.h.i.c.DefaultManagedHttpClientConnection - http-outgoing-4: Close connection
11:51:27.847 [Forwarding getWindowHandles on session 37c14d504020035d1e6cd22a23b27d6d to remote] DEBUG o.a.h.impl.execchain.MainClientExec - Connection discarded
11:51:27.847 [Forwarding getWindowHandles on session 37c14d504020035d1e6cd22a23b27d6d to remote] DEBUG o.a.h.i.c.PoolingHttpClientConnectionManager - Connection released: [id: 4][route: {}->http://localhost:38386][total kept alive: 0; route allocated: 0 of 2000; total allocated: 0 of 2000]
Navigating to URL: https://www.hooq.tv
11:51:27.850 [Forwarding get on session 37c14d504020035d1e6cd22a23b27d6d to remote] DEBUG o.a.h.c.protocol.RequestAddCookies - CookieSpec selected: default
11:51:27.851 [Forwarding get on session 37c14d504020035d1e6cd22a23b27d6d to remote] DEBUG o.a.h.c.protocol.RequestAuthCache - Auth cache not set in the context
11:51:27.851 [Forwarding get on session 37c14d504020035d1e6cd22a23b27d6d to remote] DEBUG o.a.h.i.c.PoolingHttpClientConnectionManager - Connection request: [route: {}->http://localhost:38386][total kept alive: 0; route allocated: 0 of 2000; total allocated: 0 of 2000]
11:51:27.851 [Forwarding get on session 37c14d504020035d1e6cd22a23b27d6d to remote] DEBUG o.a.h.i.c.PoolingHttpClientConnectionManager - Connection leased: [id: 5][route: {}->http://localhost:38386][total kept alive: 0; route allocated: 1 of 2000; total allocated: 1 of 2000]
11:51:27.851 [Forwarding get on session 37c14d504020035d1e6cd22a23b27d6d to remote] DEBUG o.a.h.impl.execchain.MainClientExec - Opening connection {}->http://localhost:38386
11:51:27.851 [Forwarding get on session 37c14d504020035d1e6cd22a23b27d6d to remote] DEBUG o.a.h.i.c.DefaultHttpClientConnectionOperator - Connecting to localhost/127.0.0.1:38386
11:51:27.851 [Forwarding get on session 37c14d504020035d1e6cd22a23b27d6d to remote] DEBUG o.a.h.i.c.DefaultHttpClientConnectionOperator - Connection established 127.0.0.1:55167<->127.0.0.1:38386
11:51:27.851 [Forwarding get on session 37c14d504020035d1e6cd22a23b27d6d to remote] DEBUG o.a.h.i.c.DefaultManagedHttpClientConnection - http-outgoing-5: set socket timeout to 10800000
11:51:27.852 [Forwarding get on session 37c14d504020035d1e6cd22a23b27d6d to remote] DEBUG o.a.h.impl.execchain.MainClientExec - Executing request POST /session/37c14d504020035d1e6cd22a23b27d6d/url HTTP/1.1
11:51:27.852 [Forwarding get on session 37c14d504020035d1e6cd22a23b27d6d to remote] DEBUG o.a.h.impl.execchain.MainClientExec - Target auth state: UNCHALLENGED
11:51:27.852 [Forwarding get on session 37c14d504020035d1e6cd22a23b27d6d to remote] DEBUG o.a.h.impl.execchain.MainClientExec - Proxy auth state: UNCHALLENGED
11:51:27.852 [Forwarding get on session 37c14d504020035d1e6cd22a23b27d6d to remote] DEBUG org.apache.http.headers - http-outgoing-5 >> POST /session/37c14d504020035d1e6cd22a23b27d6d/url HTTP/1.1
11:51:27.852 [Forwarding get on session 37c14d504020035d1e6cd22a23b27d6d to remote] DEBUG org.apache.http.headers - http-outgoing-5 >> Content-Type: application/json; charset=utf-8
11:51:27.852 [Forwarding get on session 37c14d504020035d1e6cd22a23b27d6d to remote] DEBUG org.apache.http.headers - http-outgoing-5 >> Content-Length: 29
11:51:27.852 [Forwarding get on session 37c14d504020035d1e6cd22a23b27d6d to remote] DEBUG org.apache.http.headers - http-outgoing-5 >> Host: localhost:38386
11:51:27.852 [Forwarding get on session 37c14d504020035d1e6cd22a23b27d6d to remote] DEBUG org.apache.http.headers - http-outgoing-5 >> Connection: Keep-Alive
11:51:27.852 [Forwarding get on session 37c14d504020035d1e6cd22a23b27d6d to remote] DEBUG org.apache.http.headers - http-outgoing-5 >> User-Agent: Apache-HttpClient/4.5.2 (Java/1.8.0_111)
11:51:27.852 [Forwarding get on session 37c14d504020035d1e6cd22a23b27d6d to remote] DEBUG org.apache.http.headers - http-outgoing-5 >> Accept-Encoding: gzip,deflate
11:51:27.852 [Forwarding get on session 37c14d504020035d1e6cd22a23b27d6d to remote] DEBUG org.apache.http.wire - http-outgoing-5 >> "POST /session/37c14d504020035d1e6cd22a23b27d6d/url HTTP/1.1[\r][\n]"
11:51:27.852 [Forwarding get on session 37c14d504020035d1e6cd22a23b27d6d to remote] DEBUG org.apache.http.wire - http-outgoing-5 >> "Content-Type: application/json; charset=utf-8[\r][\n]"
11:51:27.852 [Forwarding get on session 37c14d504020035d1e6cd22a23b27d6d to remote] DEBUG org.apache.http.wire - http-outgoing-5 >> "Content-Length: 29[\r][\n]"
11:51:27.852 [Forwarding get on session 37c14d504020035d1e6cd22a23b27d6d to remote] DEBUG org.apache.http.wire - http-outgoing-5 >> "Host: localhost:38386[\r][\n]"
11:51:27.852 [Forwarding get on session 37c14d504020035d1e6cd22a23b27d6d to remote] DEBUG org.apache.http.wire - http-outgoing-5 >> "Connection: Keep-Alive[\r][\n]"
11:51:27.852 [Forwarding get on session 37c14d504020035d1e6cd22a23b27d6d to remote] DEBUG org.apache.http.wire - http-outgoing-5 >> "User-Agent: Apache-HttpClient/4.5.2 (Java/1.8.0_111)[\r][\n]"
11:51:27.852 [Forwarding get on session 37c14d504020035d1e6cd22a23b27d6d to remote] DEBUG org.apache.http.wire - http-outgoing-5 >> "Accept-Encoding: gzip,deflate[\r][\n]"
11:51:27.852 [Forwarding get on session 37c14d504020035d1e6cd22a23b27d6d to remote] DEBUG org.apache.http.wire - http-outgoing-5 >> "[\r][\n]"
11:51:27.852 [Forwarding get on session 37c14d504020035d1e6cd22a23b27d6d to remote] DEBUG org.apache.http.wire - http-outgoing-5 >> "{"url":"https://www.hooq.tv"}"
11:52:01.386 [Forwarding get on session 37c14d504020035d1e6cd22a23b27d6d to remote] DEBUG org.apache.http.wire - http-outgoing-5 << "HTTP/1.1 200 OK[\r][\n]"
11:52:01.387 [Forwarding get on session 37c14d504020035d1e6cd22a23b27d6d to remote] DEBUG org.apache.http.wire - http-outgoing-5 << "Content-Length:72[\r][\n]"
11:52:01.387 [Forwarding get on session 37c14d504020035d1e6cd22a23b27d6d to remote] DEBUG org.apache.http.wire - http-outgoing-5 << "Content-Type:application/json; charset=utf-8[\r][\n]"
11:52:01.387 [Forwarding get on session 37c14d504020035d1e6cd22a23b27d6d to remote] DEBUG org.apache.http.wire - http-outgoing-5 << "Connection:close[\r][\n]"
11:52:01.387 [Forwarding get on session 37c14d504020035d1e6cd22a23b27d6d to remote] DEBUG org.apache.http.wire - http-outgoing-5 << "[\r][\n]"
11:52:01.387 [Forwarding get on session 37c14d504020035d1e6cd22a23b27d6d to remote] DEBUG org.apache.http.wire - http-outgoing-5 << "{"sessionId":"37c14d504020035d1e6cd22a23b27d6d","status":0,"value":null}"
11:52:01.387 [Forwarding get on session 37c14d504020035d1e6cd22a23b27d6d to remote] DEBUG org.apache.http.headers - http-outgoing-5 << HTTP/1.1 200 OK
11:52:01.387 [Forwarding get on session 37c14d504020035d1e6cd22a23b27d6d to remote] DEBUG org.apache.http.headers - http-outgoing-5 << Content-Length:72
11:52:01.387 [Forwarding get on session 37c14d504020035d1e6cd22a23b27d6d to remote] DEBUG org.apache.http.headers - http-outgoing-5 << Content-Type:application/json; charset=utf-8
11:52:01.387 [Forwarding get on session 37c14d504020035d1e6cd22a23b27d6d to remote] DEBUG org.apache.http.headers - http-outgoing-5 << Connection:close
11:52:01.388 [Forwarding get on session 37c14d504020035d1e6cd22a23b27d6d to remote] DEBUG o.a.h.i.c.DefaultManagedHttpClientConnection - http-outgoing-5: Close connection
11:52:01.388 [Forwarding get on session 37c14d504020035d1e6cd22a23b27d6d to remote] DEBUG o.a.h.impl.execchain.MainClientExec - Connection discarded
11:52:01.388 [Forwarding get on session 37c14d504020035d1e6cd22a23b27d6d to remote] DEBUG o.a.h.i.c.PoolingHttpClientConnectionManager - Connection released: [id: 5][route: {}->http://localhost:38386][total kept alive: 0; route allocated: 0 of 2000; total allocated: 0 of 2000]
Method Description : HOOQ
String email Cigniinfree02@yopmail.comString type validString userType valid
11:52:03.648 [Forwarding findElement on session 37c14d504020035d1e6cd22a23b27d6d to remote] DEBUG o.a.h.c.protocol.RequestAddCookies - CookieSpec selected: default
11:52:03.648 [Forwarding findElement on session 37c14d504020035d1e6cd22a23b27d6d to remote] DEBUG o.a.h.c.protocol.RequestAuthCache - Auth cache not set in the context
11:52:03.648 [Forwarding findElement on session 37c14d504020035d1e6cd22a23b27d6d to remote] DEBUG o.a.h.i.c.PoolingHttpClientConnectionManager - Connection request: [route: {}->http://localhost:38386][total kept alive: 0; route allocated: 0 of 2000; total allocated: 0 of 2000]
11:52:03.648 [Forwarding findElement on session 37c14d504020035d1e6cd22a23b27d6d to remote] DEBUG o.a.h.i.c.PoolingHttpClientConnectionManager - Connection leased: [id: 6][route: {}->http://localhost:38386][total kept alive: 0; route allocated: 1 of 2000; total allocated: 1 of 2000]
11:52:03.648 [Forwarding findElement on session 37c14d504020035d1e6cd22a23b27d6d to remote] DEBUG o.a.h.impl.execchain.MainClientExec - Opening connection {}->http://localhost:38386
11:52:03.649 [Forwarding findElement on session 37c14d504020035d1e6cd22a23b27d6d to remote] DEBUG o.a.h.i.c.DefaultHttpClientConnectionOperator - Connecting to localhost/127.0.0.1:38386
11:52:03.650 [Forwarding findElement on session 37c14d504020035d1e6cd22a23b27d6d to remote] DEBUG o.a.h.i.c.DefaultHttpClientConnectionOperator - Connection established 127.0.0.1:55286<->127.0.0.1:38386
11:52:03.650 [Forwarding findElement on session 37c14d504020035d1e6cd22a23b27d6d to remote] DEBUG o.a.h.i.c.DefaultManagedHttpClientConnection - http-outgoing-6: set socket timeout to 10800000
11:52:03.650 [Forwarding findElement on session 37c14d504020035d1e6cd22a23b27d6d to remote] DEBUG o.a.h.impl.execchain.MainClientExec - Executing request POST /session/37c14d504020035d1e6cd22a23b27d6d/element HTTP/1.1
11:52:03.650 [Forwarding findElement on session 37c14d504020035d1e6cd22a23b27d6d to remote] DEBUG o.a.h.impl.execchain.MainClientExec - Target auth state: UNCHALLENGED
11:52:03.650 [Forwarding findElement on session 37c14d504020035d1e6cd22a23b27d6d to remote] DEBUG o.a.h.impl.execchain.MainClientExec - Proxy auth state: UNCHALLENGED
11:52:03.650 [Forwarding findElement on session 37c14d504020035d1e6cd22a23b27d6d to remote] DEBUG org.apache.http.headers - http-outgoing-6 >> POST /session/37c14d504020035d1e6cd22a23b27d6d/element HTTP/1.1
11:52:03.650 [Forwarding findElement on session 37c14d504020035d1e6cd22a23b27d6d to remote] DEBUG org.apache.http.headers - http-outgoing-6 >> Content-Type: application/json; charset=utf-8
11:52:03.650 [Forwarding findElement on session 37c14d504020035d1e6cd22a23b27d6d to remote] DEBUG org.apache.http.headers - http-outgoing-6 >> Content-Length: 72
11:52:03.650 [Forwarding findElement on session 37c14d504020035d1e6cd22a23b27d6d to remote] DEBUG org.apache.http.headers - http-outgoing-6 >> Host: localhost:38386
11:52:03.651 [Forwarding findElement on session 37c14d504020035d1e6cd22a23b27d6d to remote] DEBUG org.apache.http.headers - http-outgoing-6 >> Connection: Keep-Alive
11:52:03.651 [Forwarding findElement on session 37c14d504020035d1e6cd22a23b27d6d to remote] DEBUG org.apache.http.headers - http-outgoing-6 >> User-Agent: Apache-HttpClient/4.5.2 (Java/1.8.0_111)
11:52:03.651 [Forwarding findElement on session 37c14d504020035d1e6cd22a23b27d6d to remote] DEBUG org.apache.http.headers - http-outgoing-6 >> Accept-Encoding: gzip,deflate
11:52:03.651 [Forwarding findElement on session 37c14d504020035d1e6cd22a23b27d6d to remote] DEBUG org.apache.http.wire - http-outgoing-6 >> "POST /session/37c14d504020035d1e6cd22a23b27d6d/element HTTP/1.1[\r][\n]"
11:52:03.651 [Forwarding findElement on session 37c14d504020035d1e6cd22a23b27d6d to remote] DEBUG org.apache.http.wire - http-outgoing-6 >> "Content-Type: application/json; charset=utf-8[\r][\n]"
11:52:03.651 [Forwarding findElement on session 37c14d504020035d1e6cd22a23b27d6d to remote] DEBUG org.apache.http.wire - http-outgoing-6 >> "Content-Length: 72[\r][\n]"
11:52:03.651 [Forwarding findElement on session 37c14d504020035d1e6cd22a23b27d6d to remote] DEBUG org.apache.http.wire - http-outgoing-6 >> "Host: localhost:38386[\r][\n]"
11:52:03.651 [Forwarding findElement on session 37c14d504020035d1e6cd22a23b27d6d to remote] DEBUG org.apache.http.wire - http-outgoing-6 >> "Connection: Keep-Alive[\r][\n]"
11:52:03.651 [Forwarding findElement on session 37c14d504020035d1e6cd22a23b27d6d to remote] DEBUG org.apache.http.wire - http-outgoing-6 >> "User-Agent: Apache-HttpClient/4.5.2 (Java/1.8.0_111)[\r][\n]"
11:52:03.651 [Forwarding findElement on session 37c14d504020035d1e6cd22a23b27d6d to remote] DEBUG org.apache.http.wire - http-outgoing-6 >> "Accept-Encoding: gzip,deflate[\r][\n]"
11:52:03.651 [Forwarding findElement on session 37c14d504020035d1e6cd22a23b27d6d to remote] DEBUG org.apache.http.wire - http-outgoing-6 >> "[\r][\n]"
11:52:03.651 [Forwarding findElement on session 37c14d504020035d1e6cd22a23b27d6d to remote] DEBUG org.apache.http.wire - http-outgoing-6 >> "{"using":"xpath","value":".//*[@id='welcome-mount']/div/nav/ul/li[2]/a"}"
11:52:03.750 [Forwarding findElement on session 37c14d504020035d1e6cd22a23b27d6d to remote] DEBUG org.apache.http.wire - http-outgoing-6 << "HTTP/1.1 200 OK[\r][\n]"
11:52:03.751 [Forwarding findElement on session 37c14d504020035d1e6cd22a23b27d6d to remote] DEBUG org.apache.http.wire - http-outgoing-6 << "Content-Length:102[\r][\n]"
11:52:03.751 [Forwarding findElement on session 37c14d504020035d1e6cd22a23b27d6d to remote] DEBUG org.apache.http.wire - http-outgoing-6 << "Content-Type:application/json; charset=utf-8[\r][\n]"
11:52:03.751 [Forwarding findElement on session 37c14d504020035d1e6cd22a23b27d6d to remote] DEBUG org.apache.http.wire - http-outgoing-6 << "Connection:close[\r][\n]"
11:52:03.751 [Forwarding findElement on session 37c14d504020035d1e6cd22a23b27d6d to remote] DEBUG org.apache.http.wire - http-outgoing-6 << "[\r][\n]"
11:52:03.751 [Forwarding findElement on session 37c14d504020035d1e6cd22a23b27d6d to remote] DEBUG org.apache.http.wire - http-outgoing-6 << "{"sessionId":"37c14d504020035d1e6cd22a23b27d6d","status":0,"value":{"ELEMENT":"0.9611460988129836-1"}}"
11:52:03.751 [Forwarding findElement on session 37c14d504020035d1e6cd22a23b27d6d to remote] DEBUG org.apache.http.headers - http-outgoing-6 << HTTP/1.1 200 OK
11:52:03.751 [Forwarding findElement on session 37c14d504020035d1e6cd22a23b27d6d to remote] DEBUG org.apache.http.headers - http-outgoing-6 << Content-Length:102
11:52:03.751 [Forwarding findElement on session 37c14d504020035d1e6cd22a23b27d6d to remote] DEBUG org.apache.http.headers - http-outgoing-6 << Content-Type:application/json; charset=utf-8
11:52:03.751 [Forwarding findElement on session 37c14d504020035d1e6cd22a23b27d6d to remote] DEBUG org.apache.http.headers - http-outgoing-6 << Connection:close
11:52:03.751 [Forwarding findElement on session 37c14d504020035d1e6cd22a23b27d6d to remote] DEBUG o.a.h.i.c.DefaultManagedHttpClientConnection - http-outgoing-6: Close connection
11:52:03.751 [Forwarding findElement on session 37c14d504020035d1e6cd22a23b27d6d to remote] DEBUG o.a.h.impl.execchain.MainClientExec - Connection discarded
11:52:03.751 [Forwarding findElement on session 37c14d504020035d1e6cd22a23b27d6d to remote] DEBUG o.a.h.i.c.PoolingHttpClientConnectionManager - Connection released: [id: 6][route: {}->http://localhost:38386][total kept alive: 0; route allocated: 0 of 2000; total allocated: 0 of 2000]
11:52:03.756 [Forwarding executeScript on session 37c14d504020035d1e6cd22a23b27d6d to remote] DEBUG o.a.h.c.protocol.RequestAddCookies - CookieSpec selected: default
11:52:03.757 [Forwarding executeScript on session 37c14d504020035d1e6cd22a23b27d6d to remote] DEBUG o.a.h.c.protocol.RequestAuthCache - Auth cache not set in the context
11:52:03.757 [Forwarding executeScript on session 37c14d504020035d1e6cd22a23b27d6d to remote] DEBUG o.a.h.i.c.PoolingHttpClientConnectionManager - Connection request: [route: {}->http://localhost:38386][total kept alive: 0; route allocated: 0 of 2000; total allocated: 0 of 2000]
11:52:03.757 [Forwarding executeScript on session 37c14d504020035d1e6cd22a23b27d6d to remote] DEBUG o.a.h.i.c.PoolingHttpClientConnectionManager - Connection leased: [id: 7][route: {}->http://localhost:38386][total kept alive: 0; route allocated: 1 of 2000; total allocated: 1 of 2000]
11:52:03.757 [Forwarding executeScript on session 37c14d504020035d1e6cd22a23b27d6d to remote] DEBUG o.a.h.impl.execchain.MainClientExec - Opening connection {}->http://localhost:38386
11:52:03.757 [Forwarding executeScript on session 37c14d504020035d1e6cd22a23b27d6d to remote] DEBUG o.a.h.i.c.DefaultHttpClientConnectionOperator - Connecting to localhost/127.0.0.1:38386
11:52:03.758 [Forwarding executeScript on session 37c14d504020035d1e6cd22a23b27d6d to remote] DEBUG o.a.h.i.c.DefaultHttpClientConnectionOperator - Connection established 127.0.0.1:55287<->127.0.0.1:38386
11:52:03.758 [Forwarding executeScript on session 37c14d504020035d1e6cd22a23b27d6d to remote] DEBUG o.a.h.i.c.DefaultManagedHttpClientConnection - http-outgoing-7: set socket timeout to 10800000
11:52:03.758 [Forwarding executeScript on session 37c14d504020035d1e6cd22a23b27d6d to remote] DEBUG o.a.h.impl.execchain.MainClientExec - Executing request POST /session/37c14d504020035d1e6cd22a23b27d6d/execute HTTP/1.1
11:52:03.758 [Forwarding executeScript on session 37c14d504020035d1e6cd22a23b27d6d to remote] DEBUG o.a.h.impl.execchain.MainClientExec - Target auth state: UNCHALLENGED
11:52:03.758 [Forwarding executeScript on session 37c14d504020035d1e6cd22a23b27d6d to remote] DEBUG o.a.h.impl.execchain.MainClientExec - Proxy auth state: UNCHALLENGED
11:52:03.758 [Forwarding executeScript on session 37c14d504020035d1e6cd22a23b27d6d to remote] DEBUG org.apache.http.headers - http-outgoing-7 >> POST /session/37c14d504020035d1e6cd22a23b27d6d/execute HTTP/1.1
11:52:03.758 [Forwarding executeScript on session 37c14d504020035d1e6cd22a23b27d6d to remote] DEBUG org.apache.http.headers - http-outgoing-7 >> Content-Type: application/json; charset=utf-8
11:52:03.758 [Forwarding executeScript on session 37c14d504020035d1e6cd22a23b27d6d to remote] DEBUG org.apache.http.headers - http-outgoing-7 >> Content-Length: 161
11:52:03.758 [Forwarding executeScript on session 37c14d504020035d1e6cd22a23b27d6d to remote] DEBUG org.apache.http.headers - http-outgoing-7 >> Host: localhost:38386
11:52:03.758 [Forwarding executeScript on session 37c14d504020035d1e6cd22a23b27d6d to remote] DEBUG org.apache.http.headers - http-outgoing-7 >> Connection: Keep-Alive
11:52:03.758 [Forwarding executeScript on session 37c14d504020035d1e6cd22a23b27d6d to remote] DEBUG org.apache.http.headers - http-outgoing-7 >> User-Agent: Apache-HttpClient/4.5.2 (Java/1.8.0_111)
11:52:03.758 [Forwarding executeScript on session 37c14d504020035d1e6cd22a23b27d6d to remote] DEBUG org.apache.http.headers - http-outgoing-7 >> Accept-Encoding: gzip,deflate
11:52:03.758 [Forwarding executeScript on session 37c14d504020035d1e6cd22a23b27d6d to remote] DEBUG org.apache.http.wire - http-outgoing-7 >> "POST /session/37c14d504020035d1e6cd22a23b27d6d/execute HTTP/1.1[\r][\n]"
11:52:03.758 [Forwarding executeScript on session 37c14d504020035d1e6cd22a23b27d6d to remote] DEBUG org.apache.http.wire - http-outgoing-7 >> "Content-Type: application/json; charset=utf-8[\r][\n]"
11:52:03.758 [Forwarding executeScript on session 37c14d504020035d1e6cd22a23b27d6d to remote] DEBUG org.apache.http.wire - http-outgoing-7 >> "Content-Length: 161[\r][\n]"
11:52:03.758 [Forwarding executeScript on session 37c14d504020035d1e6cd22a23b27d6d to remote] DEBUG org.apache.http.wire - http-outgoing-7 >> "Host: localhost:38386[\r][\n]"
11:52:03.758 [Forwarding executeScript on session 37c14d504020035d1e6cd22a23b27d6d to remote] DEBUG org.apache.http.wire - http-outgoing-7 >> "Connection: Keep-Alive[\r][\n]"
11:52:03.758 [Forwarding executeScript on session 37c14d504020035d1e6cd22a23b27d6d to remote] DEBUG org.apache.http.wire - http-outgoing-7 >> "User-Agent: Apache-HttpClient/4.5.2 (Java/1.8.0_111)[\r][\n]"
11:52:03.758 [Forwarding executeScript on session 37c14d504020035d1e6cd22a23b27d6d to remote] DEBUG org.apache.http.wire - http-outgoing-7 >> "Accept-Encoding: gzip,deflate[\r][\n]"
11:52:03.758 [Forwarding executeScript on session 37c14d504020035d1e6cd22a23b27d6d to remote] DEBUG org.apache.http.wire - http-outgoing-7 >> "[\r][\n]"
11:52:03.758 [Forwarding executeScript on session 37c14d504020035d1e6cd22a23b27d6d to remote] DEBUG org.apache.http.wire - http-outgoing-7 >> "{"script":"arguments[0].style.border='4px solid green'","args":[{"ELEMENT":"0.9611460988129836-1","element-6066-11e4-a52e-4f735466cecf":"0.9611460988129836-1"}]}"
11:52:03.768 [Forwarding executeScript on session 37c14d504020035d1e6cd22a23b27d6d to remote] DEBUG org.apache.http.wire - http-outgoing-7 << "HTTP/1.1 200 OK[\r][\n]"
11:52:03.768 [Forwarding executeScript on session 37c14d504020035d1e6cd22a23b27d6d to remote] DEBUG org.apache.http.wire - http-outgoing-7 << "Content-Length:72[\r][\n]"
11:52:03.768 [Forwarding executeScript on session 37c14d504020035d1e6cd22a23b27d6d to remote] DEBUG org.apache.http.wire - http-outgoing-7 << "Content-Type:application/json; charset=utf-8[\r][\n]"
11:52:03.768 [Forwarding executeScript on session 37c14d504020035d1e6cd22a23b27d6d to remote] DEBUG org.apache.http.wire - http-outgoing-7 << "Connection:close[\r][\n]"
11:52:03.768 [Forwarding executeScript on session 37c14d504020035d1e6cd22a23b27d6d to remote] DEBUG org.apache.http.wire - http-outgoing-7 << "[\r][\n]"
11:52:03.768 [Forwarding executeScript on session 37c14d504020035d1e6cd22a23b27d6d to remote] DEBUG org.apache.http.wire - http-outgoing-7 << "{"sessionId":"37c14d504020035d1e6cd22a23b27d6d","status":0,"value":null}"
11:52:03.768 [Forwarding executeScript on session 37c14d504020035d1e6cd22a23b27d6d to remote] DEBUG org.apache.http.headers - http-outgoing-7 << HTTP/1.1 200 OK
11:52:03.768 [Forwarding executeScript on session 37c14d504020035d1e6cd22a23b27d6d to remote] DEBUG org.apache.http.headers - http-outgoing-7 << Content-Length:72
11:52:03.768 [Forwarding executeScript on session 37c14d504020035d1e6cd22a23b27d6d to remote] DEBUG org.apache.http.headers - http-outgoing-7 << Content-Type:application/json; charset=utf-8
11:52:03.768 [Forwarding executeScript on session 37c14d504020035d1e6cd22a23b27d6d to remote] DEBUG org.apache.http.headers - http-outgoing-7 << Connection:close
11:52:03.769 [Forwarding executeScript on session 37c14d504020035d1e6cd22a23b27d6d to remote] DEBUG o.a.h.i.c.DefaultManagedHttpClientConnection - http-outgoing-7: Close connection
11:52:03.769 [Forwarding executeScript on session 37c14d504020035d1e6cd22a23b27d6d to remote] DEBUG o.a.h.impl.execchain.MainClientExec - Connection discarded
11:52:03.769 [Forwarding executeScript on session 37c14d504020035d1e6cd22a23b27d6d to remote] DEBUG o.a.h.i.c.PoolingHttpClientConnectionManager - Connection released: [id: 7][route: {}->http://localhost:38386][total kept alive: 0; route allocated: 0 of 2000; total allocated: 0 of 2000]
11:52:03.770 [Forwarding findElement on session 37c14d504020035d1e6cd22a23b27d6d to remote] DEBUG o.a.h.c.protocol.RequestAddCookies - CookieSpec selected: default
11:52:03.770 [Forwarding findElement on session 37c14d504020035d1e6cd22a23b27d6d to remote] DEBUG o.a.h.c.protocol.RequestAuthCache - Auth cache not set in the context
11:52:03.770 [Forwarding findElement on session 37c14d504020035d1e6cd22a23b27d6d to remote] DEBUG o.a.h.i.c.PoolingHttpClientConnectionManager - Connection request: [route: {}->http://localhost:38386][total kept alive: 0; route allocated: 0 of 2000; total allocated: 0 of 2000]
11:52:03.770 [Forwarding findElement on session 37c14d504020035d1e6cd22a23b27d6d to remote] DEBUG o.a.h.i.c.PoolingHttpClientConnectionManager - Connection leased: [id: 8][route: {}->http://localhost:38386][total kept alive: 0; route allocated: 1 of 2000; total allocated: 1 of 2000]
11:52:03.770 [Forwarding findElement on session 37c14d504020035d1e6cd22a23b27d6d to remote] DEBUG o.a.h.impl.execchain.MainClientExec - Opening connection {}->http://localhost:38386
11:52:03.770 [Forwarding findElement on session 37c14d504020035d1e6cd22a23b27d6d to remote] DEBUG o.a.h.i.c.DefaultHttpClientConnectionOperator - Connecting to localhost/127.0.0.1:38386
11:52:03.771 [Forwarding findElement on session 37c14d504020035d1e6cd22a23b27d6d to remote] DEBUG o.a.h.i.c.DefaultHttpClientConnectionOperator - Connection established 127.0.0.1:55288<->127.0.0.1:38386
11:52:03.771 [Forwarding findElement on session 37c14d504020035d1e6cd22a23b27d6d to remote] DEBUG o.a.h.i.c.DefaultManagedHttpClientConnection - http-outgoing-8: set socket timeout to 10800000
11:52:03.771 [Forwarding findElement on session 37c14d504020035d1e6cd22a23b27d6d to remote] DEBUG o.a.h.impl.execchain.MainClientExec - Executing request POST /session/37c14d504020035d1e6cd22a23b27d6d/element HTTP/1.1
11:52:03.771 [Forwarding findElement on session 37c14d504020035d1e6cd22a23b27d6d to remote] DEBUG o.a.h.impl.execchain.MainClientExec - Target auth state: UNCHALLENGED
11:52:03.771 [Forwarding findElement on session 37c14d504020035d1e6cd22a23b27d6d to remote] DEBUG o.a.h.impl.execchain.MainClientExec - Proxy auth state: UNCHALLENGED
11:52:03.771 [Forwarding findElement on session 37c14d504020035d1e6cd22a23b27d6d to remote] DEBUG org.apache.http.headers - http-outgoing-8 >> POST /session/37c14d504020035d1e6cd22a23b27d6d/element HTTP/1.1
11:52:03.771 [Forwarding findElement on session 37c14d504020035d1e6cd22a23b27d6d to remote] DEBUG org.apache.http.headers - http-outgoing-8 >> Content-Type: application/json; charset=utf-8
11:52:03.771 [Forwarding findElement on session 37c14d504020035d1e6cd22a23b27d6d to remote] DEBUG org.apache.http.headers - http-outgoing-8 >> Content-Length: 72
11:52:03.771 [Forwarding findElement on session 37c14d504020035d1e6cd22a23b27d6d to remote] DEBUG org.apache.http.headers - http-outgoing-8 >> Host: localhost:38386
11:52:03.771 [Forwarding findElement on session 37c14d504020035d1e6cd22a23b27d6d to remote] DEBUG org.apache.http.headers - http-outgoing-8 >> Connection: Keep-Alive
11:52:03.771 [Forwarding findElement on session 37c14d504020035d1e6cd22a23b27d6d to remote] DEBUG org.apache.http.headers - http-outgoing-8 >> User-Agent: Apache-HttpClient/4.5.2 (Java/1.8.0_111)
11:52:03.771 [Forwarding findElement on session 37c14d504020035d1e6cd22a23b27d6d to remote] DEBUG org.apache.http.headers - http-outgoing-8 >> Accept-Encoding: gzip,deflate
11:52:03.771 [Forwarding findElement on session 37c14d504020035d1e6cd22a23b27d6d to remote] DEBUG org.apache.http.wire - http-outgoing-8 >> "POST /session/37c14d504020035d1e6cd22a23b27d6d/element HTTP/1.1[\r][\n]"
11:52:03.771 [Forwarding findElement on session 37c14d504020035d1e6cd22a23b27d6d to remote] DEBUG org.apache.http.wire - http-outgoing-8 >> "Content-Type: application/json; charset=utf-8[\r][\n]"
11:52:03.771 [Forwarding findElement on session 37c14d504020035d1e6cd22a23b27d6d to remote] DEBUG org.apache.http.wire - http-outgoing-8 >> "Content-Length: 72[\r][\n]"
11:52:03.771 [Forwarding findElement on session 37c14d504020035d1e6cd22a23b27d6d to remote] DEBUG org.apache.http.wire - http-outgoing-8 >> "Host: localhost:38386[\r][\n]"
11:52:03.771 [Forwarding findElement on session 37c14d504020035d1e6cd22a23b27d6d to remote] DEBUG org.apache.http.wire - http-outgoing-8 >> "Connection: Keep-Alive[\r][\n]"
11:52:03.771 [Forwarding findElement on session 37c14d504020035d1e6cd22a23b27d6d to remote] DEBUG org.apache.http.wire - http-outgoing-8 >> "User-Agent: Apache-HttpClient/4.5.2 (Java/1.8.0_111)[\r][\n]"
11:52:03.771 [Forwarding findElement on session 37c14d504020035d1e6cd22a23b27d6d to remote] DEBUG org.apache.http.wire - http-outgoing-8 >> "Accept-Encoding: gzip,deflate[\r][\n]"
11:52:03.771 [Forwarding findElement on session 37c14d504020035d1e6cd22a23b27d6d to remote] DEBUG org.apache.http.wire - http-outgoing-8 >> "[\r][\n]"
11:52:03.771 [Forwarding findElement on session 37c14d504020035d1e6cd22a23b27d6d to remote] DEBUG org.apache.http.wire - http-outgoing-8 >> "{"using":"xpath","value":".//*[@id='welcome-mount']/div/nav/ul/li[2]/a"}"
11:52:03.782 [Forwarding findElement on session 37c14d504020035d1e6cd22a23b27d6d to remote] DEBUG org.apache.http.wire - http-outgoing-8 << "HTTP/1.1 200 OK[\r][\n]"
11:52:03.782 [Forwarding findElement on session 37c14d504020035d1e6cd22a23b27d6d to remote] DEBUG org.apache.http.wire - http-outgoing-8 << "Content-Length:102[\r][\n]"
11:52:03.782 [Forwarding findElement on session 37c14d504020035d1e6cd22a23b27d6d to remote] DEBUG org.apache.http.wire - http-outgoing-8 << "Content-Type:application/json; charset=utf-8[\r][\n]"
11:52:03.782 [Forwarding findElement on session 37c14d504020035d1e6cd22a23b27d6d to remote] DEBUG org.apache.http.wire - http-outgoing-8 << "Connection:close[\r][\n]"
11:52:03.782 [Forwarding findElement on session 37c14d504020035d1e6cd22a23b27d6d to remote] DEBUG org.apache.http.wire - http-outgoing-8 << "[\r][\n]"
11:52:03.782 [Forwarding findElement on session 37c14d504020035d1e6cd22a23b27d6d to remote] DEBUG org.apache.http.wire - http-outgoing-8 << "{"sessionId":"37c14d504020035d1e6cd22a23b27d6d","status":0,"value":{"ELEMENT":"0.9611460988129836-1"}}"
11:52:03.782 [Forwarding findElement on session 37c14d504020035d1e6cd22a23b27d6d to remote] DEBUG org.apache.http.headers - http-outgoing-8 << HTTP/1.1 200 OK
11:52:03.782 [Forwarding findElement on session 37c14d504020035d1e6cd22a23b27d6d to remote] DEBUG org.apache.http.headers - http-outgoing-8 << Content-Length:102
11:52:03.782 [Forwarding findElement on session 37c14d504020035d1e6cd22a23b27d6d to remote] DEBUG org.apache.http.headers - http-outgoing-8 << Content-Type:application/json; charset=utf-8
11:52:03.782 [Forwarding findElement on session 37c14d504020035d1e6cd22a23b27d6d to remote] DEBUG org.apache.http.headers - http-outgoing-8 << Connection:close
11:52:03.782 [Forwarding findElement on session 37c14d504020035d1e6cd22a23b27d6d to remote] DEBUG o.a.h.i.c.DefaultManagedHttpClientConnection - http-outgoing-8: Close connection
11:52:03.782 [Forwarding findElement on session 37c14d504020035d1e6cd22a23b27d6d to remote] DEBUG o.a.h.impl.execchain.MainClientExec - Connection discarded
11:52:03.782 [Forwarding findElement on session 37c14d504020035d1e6cd22a23b27d6d to remote] DEBUG o.a.h.i.c.PoolingHttpClientConnectionManager - Connection released: [id: 8][route: {}->http://localhost:38386][total kept alive: 0; route allocated: 0 of 2000; total allocated: 0 of 2000]
11:52:03.787 [Forwarding executeScript on session 37c14d504020035d1e6cd22a23b27d6d to remote] DEBUG o.a.h.c.protocol.RequestAddCookies - CookieSpec selected: default
11:52:03.788 [Forwarding executeScript on session 37c14d504020035d1e6cd22a23b27d6d to remote] DEBUG o.a.h.c.protocol.RequestAuthCache - Auth cache not set in the context
11:52:03.788 [Forwarding executeScript on session 37c14d504020035d1e6cd22a23b27d6d to remote] DEBUG o.a.h.i.c.PoolingHttpClientConnectionManager - Connection request: [route: {}->http://localhost:38386][total kept alive: 0; route allocated: 0 of 2000; total allocated: 0 of 2000]
11:52:03.788 [Forwarding executeScript on session 37c14d504020035d1e6cd22a23b27d6d to remote] DEBUG o.a.h.i.c.PoolingHttpClientConnectionManager - Connection leased: [id: 9][route: {}->http://localhost:38386][total kept alive: 0; route allocated: 1 of 2000; total allocated: 1 of 2000]
11:52:03.788 [Forwarding executeScript on session 37c14d504020035d1e6cd22a23b27d6d to remote] DEBUG o.a.h.impl.execchain.MainClientExec - Opening connection {}->http://localhost:38386
11:52:03.788 [Forwarding executeScript on session 37c14d504020035d1e6cd22a23b27d6d to remote] DEBUG o.a.h.i.c.DefaultHttpClientConnectionOperator - Connecting to localhost/127.0.0.1:38386
11:52:03.788 [Forwarding executeScript on session 37c14d504020035d1e6cd22a23b27d6d to remote] DEBUG o.a.h.i.c.DefaultHttpClientConnectionOperator - Connection established 127.0.0.1:55289<->127.0.0.1:38386
11:52:03.788 [Forwarding executeScript on session 37c14d504020035d1e6cd22a23b27d6d to remote] DEBUG o.a.h.i.c.DefaultManagedHttpClientConnection - http-outgoing-9: set socket timeout to 10800000
11:52:03.789 [Forwarding executeScript on session 37c14d504020035d1e6cd22a23b27d6d to remote] DEBUG o.a.h.impl.execchain.MainClientExec - Executing request POST /session/37c14d504020035d1e6cd22a23b27d6d/execute HTTP/1.1
11:52:03.789 [Forwarding executeScript on session 37c14d504020035d1e6cd22a23b27d6d to remote] DEBUG o.a.h.impl.execchain.MainClientExec - Target auth state: UNCHALLENGED
11:52:03.789 [Forwarding executeScript on session 37c14d504020035d1e6cd22a23b27d6d to remote] DEBUG o.a.h.impl.execchain.MainClientExec - Proxy auth state: UNCHALLENGED
11:52:03.789 [Forwarding executeScript on session 37c14d504020035d1e6cd22a23b27d6d to remote] DEBUG org.apache.http.headers - http-outgoing-9 >> POST /session/37c14d504020035d1e6cd22a23b27d6d/execute HTTP/1.1
11:52:03.789 [Forwarding executeScript on session 37c14d504020035d1e6cd22a23b27d6d to remote] DEBUG org.apache.http.headers - http-outgoing-9 >> Content-Type: application/json; charset=utf-8
11:52:03.789 [Forwarding executeScript on session 37c14d504020035d1e6cd22a23b27d6d to remote] DEBUG org.apache.http.headers - http-outgoing-9 >> Content-Length: 139
11:52:03.789 [Forwarding executeScript on session 37c14d504020035d1e6cd22a23b27d6d to remote] DEBUG org.apache.http.headers - http-outgoing-9 >> Host: localhost:38386
11:52:03.789 [Forwarding executeScript on session 37c14d504020035d1e6cd22a23b27d6d to remote] DEBUG org.apache.http.headers - http-outgoing-9 >> Connection: Keep-Alive
11:52:03.789 [Forwarding executeScript on session 37c14d504020035d1e6cd22a23b27d6d to remote] DEBUG org.apache.http.headers - http-outgoing-9 >> User-Agent: Apache-HttpClient/4.5.2 (Java/1.8.0_111)
11:52:03.789 [Forwarding executeScript on session 37c14d504020035d1e6cd22a23b27d6d to remote] DEBUG org.apache.http.headers - http-outgoing-9 >> Accept-Encoding: gzip,deflate
11:52:03.789 [Forwarding executeScript on session 37c14d504020035d1e6cd22a23b27d6d to remote] DEBUG org.apache.http.wire - http-outgoing-9 >> "POST /session/37c14d504020035d1e6cd22a23b27d6d/execute HTTP/1.1[\r][\n]"
11:52:03.789 [Forwarding executeScript on session 37c14d504020035d1e6cd22a23b27d6d to remote] DEBUG org.apache.http.wire - http-outgoing-9 >> "Content-Type: application/json; charset=utf-8[\r][\n]"
11:52:03.789 [Forwarding executeScript on session 37c14d504020035d1e6cd22a23b27d6d to remote] DEBUG org.apache.http.wire - http-outgoing-9 >> "Content-Length: 139[\r][\n]"
11:52:03.789 [Forwarding executeScript on session 37c14d504020035d1e6cd22a23b27d6d to remote] DEBUG org.apache.http.wire - http-outgoing-9 >> "Host: localhost:38386[\r][\n]"
11:52:03.789 [Forwarding executeScript on session 37c14d504020035d1e6cd22a23b27d6d to remote] DEBUG org.apache.http.wire - http-outgoing-9 >> "Connection: Keep-Alive[\r][\n]"
11:52:03.789 [Forwarding executeScript on session 37c14d504020035d1e6cd22a23b27d6d to remote] DEBUG org.apache.http.wire - http-outgoing-9 >> "User-Agent: Apache-HttpClient/4.5.2 (Java/1.8.0_111)[\r][\n]"
11:52:03.789 [Forwarding executeScript on session 37c14d504020035d1e6cd22a23b27d6d to remote] DEBUG org.apache.http.wire - http-outgoing-9 >> "Accept-Encoding: gzip,deflate[\r][\n]"
11:52:03.789 [Forwarding executeScript on session 37c14d504020035d1e6cd22a23b27d6d to remote] DEBUG org.apache.http.wire - http-outgoing-9 >> "[\r][\n]"
11:52:03.789 [Forwarding executeScript on session 37c14d504020035d1e6cd22a23b27d6d to remote] DEBUG org.apache.http.wire - http-outgoing-9 >> "{"script":"arguments[0].click();","args":[{"ELEMENT":"0.9611460988129836-1","element-6066-11e4-a52e-4f735466cecf":"0.9611460988129836-1"}]}"
11:52:03.812 [Forwarding executeScript on session 37c14d504020035d1e6cd22a23b27d6d to remote] DEBUG org.apache.http.wire - http-outgoing-9 << "HTTP/1.1 200 OK[\r][\n]"
11:52:03.812 [Forwarding executeScript on session 37c14d504020035d1e6cd22a23b27d6d to remote] DEBUG org.apache.http.wire - http-outgoing-9 << "Content-Length:72[\r][\n]"
11:52:03.812 [Forwarding executeScript on session 37c14d504020035d1e6cd22a23b27d6d to remote] DEBUG org.apache.http.wire - http-outgoing-9 << "Content-Type:application/json; charset=utf-8[\r][\n]"
11:52:03.812 [Forwarding executeScript on session 37c14d504020035d1e6cd22a23b27d6d to remote] DEBUG org.apache.http.wire - http-outgoing-9 << "Connection:close[\r][\n]"
11:52:03.812 [Forwarding executeScript on session 37c14d504020035d1e6cd22a23b27d6d to remote] DEBUG org.apache.http.wire - http-outgoing-9 << "[\r][\n]"
11:52:03.812 [Forwarding executeScript on session 37c14d504020035d1e6cd22a23b27d6d to remote] DEBUG org.apache.http.wire - http-outgoing-9 << "{"sessionId":"37c14d504020035d1e6cd22a23b27d6d","status":0,"value":null}"
11:52:03.812 [Forwarding executeScript on session 37c14d504020035d1e6cd22a23b27d6d to remote] DEBUG org.apache.http.headers - http-outgoing-9 << HTTP/1.1 200 OK
11:52:03.812 [Forwarding executeScript on session 37c14d504020035d1e6cd22a23b27d6d to remote] DEBUG org.apache.http.headers - http-outgoing-9 << Content-Length:72
11:52:03.812 [Forwarding executeScript on session 37c14d504020035d1e6cd22a23b27d6d to remote] DEBUG org.apache.http.headers - http-outgoing-9 << Content-Type:application/json; charset=utf-8
11:52:03.812 [Forwarding executeScript on session 37c14d504020035d1e6cd22a23b27d6d to remote] DEBUG org.apache.http.headers - http-outgoing-9 << Connection:close
11:52:03.812 [Forwarding executeScript on session 37c14d504020035d1e6cd22a23b27d6d to remote] DEBUG o.a.h.i.c.DefaultManagedHttpClientConnection - http-outgoing-9: Close connection
11:52:03.813 [Forwarding executeScript on session 37c14d504020035d1e6cd22a23b27d6d to remote] DEBUG o.a.h.impl.execchain.MainClientExec - Connection discarded
11:52:03.813 [Forwarding executeScript on session 37c14d504020035d1e6cd22a23b27d6d to remote] DEBUG o.a.h.i.c.PoolingHttpClientConnectionManager - Connection released: [id: 9][route: {}->http://localhost:38386][total kept alive: 0; route allocated: 0 of 2000; total allocated: 0 of 2000]
11:52:07.836 [Forwarding findElement on session 37c14d504020035d1e6cd22a23b27d6d to remote] DEBUG o.a.h.c.protocol.RequestAddCookies - CookieSpec selected: default
11:52:07.836 [Forwarding findElement on session 37c14d504020035d1e6cd22a23b27d6d to remote] DEBUG o.a.h.c.protocol.RequestAuthCache - Auth cache not set in the context
11:52:07.836 [Forwarding findElement on session 37c14d504020035d1e6cd22a23b27d6d to remote] DEBUG o.a.h.i.c.PoolingHttpClientConnectionManager - Connection request: [route: {}->http://localhost:38386][total kept alive: 0; route allocated: 0 of 2000; total allocated: 0 of 2000]
11:52:07.836 [Forwarding findElement on session 37c14d504020035d1e6cd22a23b27d6d to remote] DEBUG o.a.h.i.c.PoolingHttpClientConnectionManager - Connection leased: [id: 10][route: {}->http://localhost:38386][total kept alive: 0; route allocated: 1 of 2000; total allocated: 1 of 2000]
11:52:07.836 [Forwarding findElement on session 37c14d504020035d1e6cd22a23b27d6d to remote] DEBUG o.a.h.impl.execchain.MainClientExec - Opening connection {}->http://localhost:38386
11:52:07.836 [Forwarding findElement on session 37c14d504020035d1e6cd22a23b27d6d to remote] DEBUG o.a.h.i.c.DefaultHttpClientConnectionOperator - Connecting to localhost/127.0.0.1:38386
11:52:07.837 [Forwarding findElement on session 37c14d504020035d1e6cd22a23b27d6d to remote] DEBUG o.a.h.i.c.DefaultHttpClientConnectionOperator - Connection established 127.0.0.1:55306<->127.0.0.1:38386
11:52:07.837 [Forwarding findElement on session 37c14d504020035d1e6cd22a23b27d6d to remote] DEBUG o.a.h.i.c.DefaultManagedHttpClientConnection - http-outgoing-10: set socket timeout to 10800000
11:52:07.837 [Forwarding findElement on session 37c14d504020035d1e6cd22a23b27d6d to remote] DEBUG o.a.h.impl.execchain.MainClientExec - Executing request POST /session/37c14d504020035d1e6cd22a23b27d6d/element HTTP/1.1
11:52:07.837 [Forwarding findElement on session 37c14d504020035d1e6cd22a23b27d6d to remote] DEBUG o.a.h.impl.execchain.MainClientExec - Target auth state: UNCHALLENGED
11:52:07.837 [Forwarding findElement on session 37c14d504020035d1e6cd22a23b27d6d to remote] DEBUG o.a.h.impl.execchain.MainClientExec - Proxy auth state: UNCHALLENGED
11:52:07.837 [Forwarding findElement on session 37c14d504020035d1e6cd22a23b27d6d to remote] DEBUG org.apache.http.headers - http-outgoing-10 >> POST /session/37c14d504020035d1e6cd22a23b27d6d/element HTTP/1.1
11:52:07.837 [Forwarding findElement on session 37c14d504020035d1e6cd22a23b27d6d to remote] DEBUG org.apache.http.headers - http-outgoing-10 >> Content-Type: application/json; charset=utf-8
11:52:07.837 [Forwarding findElement on session 37c14d504020035d1e6cd22a23b27d6d to remote] DEBUG org.apache.http.headers - http-outgoing-10 >> Content-Length: 45
11:52:07.837 [Forwarding findElement on session 37c14d504020035d1e6cd22a23b27d6d to remote] DEBUG org.apache.http.headers - http-outgoing-10 >> Host: localhost:38386
11:52:07.837 [Forwarding findElement on session 37c14d504020035d1e6cd22a23b27d6d to remote] DEBUG org.apache.http.headers - http-outgoing-10 >> Connection: Keep-Alive
11:52:07.837 [Forwarding findElement on session 37c14d504020035d1e6cd22a23b27d6d to remote] DEBUG org.apache.http.headers - http-outgoing-10 >> User-Agent: Apache-HttpClient/4.5.2 (Java/1.8.0_111)
11:52:07.837 [Forwarding findElement on session 37c14d504020035d1e6cd22a23b27d6d to remote] DEBUG org.apache.http.headers - http-outgoing-10 >> Accept-Encoding: gzip,deflate
11:52:07.837 [Forwarding findElement on session 37c14d504020035d1e6cd22a23b27d6d to remote] DEBUG org.apache.http.wire - http-outgoing-10 >> "POST /session/37c14d504020035d1e6cd22a23b27d6d/element HTTP/1.1[\r][\n]"
11:52:07.837 [Forwarding findElement on session 37c14d504020035d1e6cd22a23b27d6d to remote] DEBUG org.apache.http.wire - http-outgoing-10 >> "Content-Type: application/json; charset=utf-8[\r][\n]"
11:52:07.837 [Forwarding findElement on session 37c14d504020035d1e6cd22a23b27d6d to remote] DEBUG org.apache.http.wire - http-outgoing-10 >> "Content-Length: 45[\r][\n]"
11:52:07.837 [Forwarding findElement on session 37c14d504020035d1e6cd22a23b27d6d to remote] DEBUG org.apache.http.wire - http-outgoing-10 >> "Host: localhost:38386[\r][\n]"
11:52:07.837 [Forwarding findElement on session 37c14d504020035d1e6cd22a23b27d6d to remote] DEBUG org.apache.http.wire - http-outgoing-10 >> "Connection: Keep-Alive[\r][\n]"
11:52:07.838 [Forwarding findElement on session 37c14d504020035d1e6cd22a23b27d6d to remote] DEBUG org.apache.http.wire - http-outgoing-10 >> "User-Agent: Apache-HttpClient/4.5.2 (Java/1.8.0_111)[\r][\n]"
11:52:07.838 [Forwarding findElement on session 37c14d504020035d1e6cd22a23b27d6d to remote] DEBUG org.apache.http.wire - http-outgoing-10 >> "Accept-Encoding: gzip,deflate[\r][\n]"
[...]
	at sun.reflect.NativeConstructorAccessorImpl.newInstance0(Native Method)
	at sun.reflect.NativeConstructorAccessorImpl.newInstance(NativeConstructorAccessorImpl.java:62)
	at sun.reflect.DelegatingConstructorAccessorImpl.newInstance(DelegatingConstructorAccessorImpl.java:45)
	at java.lang.reflect.Constructor.newInstance(Constructor.java:423)
	at org.openqa.selenium.remote.ErrorHandler.createThrowable(ErrorHandler.java:206)
	at org.openqa.selenium.remote.ErrorHandler.throwIfResponseFailed(ErrorHandler.java:158)
	at org.openqa.selenium.remote.RemoteWebDriver.execute(RemoteWebDriver.java:683)
	at org.openqa.selenium.remote.RemoteWebDriver.execute(RemoteWebDriver.java:706)
	at org.openqa.selenium.remote.RemoteWebDriver.getWindowHandle(RemoteWebDriver.java:560)
	at com.web.automation.accelerators.ActionsLibrary.saveScreenshot(ActionsLibrary.java:3856)
	at com.web.automation.logs.ExtentLogs.fail(ExtentLogs.java:68)
	at com.web.automation.accelerators.ActionsLibrary.verifyElementDisplayed(ActionsLibrary.java:5359)
	at tv.hooq.web.workflows.HOOQWorkflows.verifyLoginWithExistingAndInvalidEmails(HOOQWorkflows.java:324)
	at tv.hooq.web.scripts.HOOQ_Web_ActiveUser_Subscription_CashCard.HOOQ_Web_ActiveUser_Subscription_CashCard(HOOQ_Web_ActiveUser_Subscription_CashCard.java:53)
	at sun.reflect.NativeMethodAccessorImpl.invoke0(Native Method)
	at sun.reflect.NativeMethodAccessorImpl.invoke(NativeMethodAccessorImpl.java:62)
	at sun.reflect.DelegatingMethodAccessorImpl.invoke(DelegatingMethodAccessorImpl.java:43)
	at java.lang.reflect.Method.invoke(Method.java:498)
	at org.testng.internal.MethodInvocationHelper.invokeMethod(MethodInvocationHelper.java:86)
	at org.testng.internal.Invoker.invokeMethod(Invoker.java:643)
	at org.testng.internal.Invoker.invokeTestMethod(Invoker.java:820)
	at org.testng.internal.Invoker.invokeTestMethods(Invoker.java:1128)
	at org.testng.internal.TestMethodWorker.invokeTestMethods(TestMethodWorker.java:129)
	at org.testng.internal.TestMethodWorker.run(TestMethodWorker.java:112)
	at org.testng.TestRunner.privateRun(TestRunner.java:782)
	at org.testng.TestRunner.run(TestRunner.java:632)
	at org.testng.SuiteRunner.runTest(SuiteRunner.java:366)
	at org.testng.SuiteRunner.runSequentially(SuiteRunner.java:361)
	at org.testng.SuiteRunner.privateRun(SuiteRunner.java:319)
	at org.testng.SuiteRunner.run(SuiteRunner.java:268)
	at org.testng.SuiteRunnerWorker.runSuite(SuiteRunnerWorker.java:52)
	at org.testng.SuiteRunnerWorker.run(SuiteRunnerWorker.java:86)
	at org.testng.TestNG.runSuitesSequentially(TestNG.java:1244)
	at org.testng.TestNG.runSuitesLocally(TestNG.java:1169)
	at org.testng.TestNG.run(TestNG.java:1064)
	at org.apache.maven.surefire.testng.TestNGExecutor.run(TestNGExecutor.java:283)
	at org.apache.maven.surefire.testng.TestNGXmlTestSuite.execute(TestNGXmlTestSuite.java:75)
	at org.apache.maven.surefire.testng.TestNGProvider.invoke(TestNGProvider.java:120)
	at org.apache.maven.surefire.booter.ForkedBooter.invokeProviderInSameClassLoader(ForkedBooter.java:386)
	at org.apache.maven.surefire.booter.ForkedBooter.runSuitesInProcess(ForkedBooter.java:323)
	at org.apache.maven.surefire.booter.ForkedBooter.main(ForkedBooter.java:143)
java.io.FileNotFoundException: Error Occurred while taking screenshot (The system cannot find the file specified)
	at java.io.FileInputStream.open0(Native Method)
	at java.io.FileInputStream.open(FileInputStream.java:195)
	at java.io.FileInputStream.<init>(FileInputStream.java:138)
	at com.web.automation.accelerators.ActionsLibrary.staticCopyFile(ActionsLibrary.java:5756)
	at com.web.automation.logs.ExtentLogs.fail(ExtentLogs.java:76)
	at com.web.automation.accelerators.ActionsLibrary.verifyElementDisplayed(ActionsLibrary.java:5359)
	at tv.hooq.web.workflows.HOOQWorkflows.verifyLoginWithExistingAndInvalidEmails(HOOQWorkflows.java:324)
	at tv.hooq.web.scripts.HOOQ_Web_ActiveUser_Subscription_CashCard.HOOQ_Web_ActiveUser_Subscription_CashCard(HOOQ_Web_ActiveUser_Subscription_CashCard.java:53)
	at sun.reflect.NativeMethodAccessorImpl.invoke0(Native Method)
	at sun.reflect.NativeMethodAccessorImpl.invoke(NativeMethodAccessorImpl.java:62)
	at sun.reflect.DelegatingMethodAccessorImpl.invoke(DelegatingMethodAccessorImpl.java:43)
	at java.lang.reflect.Method.invoke(Method.java:498)
	at org.testng.internal.MethodInvocationHelper.invokeMethod(MethodInvocationHelper.java:86)
	at org.testng.internal.Invoker.invokeMethod(Invoker.java:643)
	at org.testng.internal.Invoker.invokeTestMethod(Invoker.java:820)
	at org.testng.internal.Invoker.invokeTestMethods(Invoker.java:1128)
	at org.testng.internal.TestMethodWorker.invokeTestMethods(TestMethodWorker.java:129)
	at org.testng.internal.TestMethodWorker.run(TestMethodWorker.java:112)
	at org.testng.TestRunner.privateRun(TestRunner.java:782)
	at org.testng.TestRunner.run(TestRunner.java:632)
	at org.testng.SuiteRunner.runTest(SuiteRunner.java:366)
	at org.testng.SuiteRunner.runSequentially(SuiteRunner.java:361)
	at org.testng.SuiteRunner.privateRun(SuiteRunner.java:319)
	at org.testng.SuiteRunner.run(SuiteRunner.java:268)
	at org.testng.SuiteRunnerWorker.runSuite(SuiteRunnerWorker.java:52)
	at org.testng.SuiteRunnerWorker.run(SuiteRunnerWorker.java:86)
	at org.testng.TestNG.runSuitesSequentially(TestNG.java:1244)
	at org.testng.TestNG.runSuitesLocally(TestNG.java:1169)
	at org.testng.TestNG.run(TestNG.java:1064)
	at org.apache.maven.surefire.testng.TestNGExecutor.run(TestNGExecutor.java:283)
	at org.apache.maven.surefire.testng.TestNGXmlTestSuite.execute(TestNGXmlTestSuite.java:75)
	at org.apache.maven.surefire.testng.TestNGProvider.invoke(TestNGProvider.java:120)
	at org.apache.maven.surefire.booter.ForkedBooter.invokeProviderInSameClassLoader(ForkedBooter.java:386)
	at org.apache.maven.surefire.booter.ForkedBooter.runSuitesInProcess(ForkedBooter.java:323)
	at org.apache.maven.surefire.booter.ForkedBooter.main(ForkedBooter.java:143)
org.openqa.selenium.NoSuchWindowException: no such window: target window already closed
from unknown error: web view not found
  (Session info: chrome=63.0.3239.108)
  (Driver info: chromedriver=2.33.506120 (e3e53437346286c0bc2d2dc9aa4915ba81d9023f),platform=Windows NT 10.0.10586 x86_64) (WARNING: The server did not provide any stacktrace information)
Command duration or timeout: 3 milliseconds
Build info: version: 'unknown', revision: 'f233563', time: '2016-07-28 17:43:42 -0700'
System info: host: 'CTLINDT-0792', ip: '10.62.66.71', os.name: 'Windows 10', os.arch: 'amd64', os.version: '10.0', java.version: '1.8.0_111'
Driver info: org.openqa.selenium.chrome.ChromeDriver
Capabilities [{applicationCacheEnabled=false, rotatable=false, mobileEmulationEnabled=false, networkConnectionEnabled=false, chrome={chromedriverVersion=2.33.506120 (e3e53437346286c0bc2d2dc9aa4915ba81d9023f), userDataDir=C:\Users\E002159\AppData\Local\Temp\scoped_dir13372_8102}, takesHeapSnapshot=true, pageLoadStrategy=normal, databaseEnabled=false, handlesAlerts=true, hasTouchScreen=false, version=63.0.3239.108, platform=XP, browserConnectionEnabled=false, nativeEvents=true, acceptSslCerts=true, locationContextEnabled=true, webStorageEnabled=true, browserName=chrome, takesScreenshot=true, javascriptEnabled=true, cssSelectorsEnabled=true, setWindowRect=true, unexpectedAlertBehaviour=}]
Session ID: 37c14d504020035d1e6cd22a23b27d6d
	at sun.reflect.NativeConstructorAccessorImpl.newInstance0(Native Method)
	at sun.reflect.NativeConstructorAccessorImpl.newInstance(NativeConstructorAccessorImpl.java:62)
	at sun.reflect.DelegatingConstructorAccessorImpl.newInstance(DelegatingConstructorAccessorImpl.java:45)
	at java.lang.reflect.Constructor.newInstance(Constructor.java:423)
	at org.openqa.selenium.remote.ErrorHandler.createThrowable(ErrorHandler.java:206)
	at org.openqa.selenium.remote.ErrorHandler.throwIfResponseFailed(ErrorHandler.java:158)
	at org.openqa.selenium.remote.RemoteWebDriver.execute(RemoteWebDriver.java:683)
	at org.openqa.selenium.remote.RemoteWebDriver.execute(RemoteWebDriver.java:706)
	at org.openqa.selenium.remote.RemoteWebDriver.getWindowHandle(RemoteWebDriver.java:560)
	at com.web.automation.accelerators.ActionsLibrary.saveScreenshot(ActionsLibrary.java:3856)
	at com.web.automation.logs.ExtentLogs.fail(ExtentLogs.java:68)
	at tv.hooq.web.scripts.HOOQ_Web_ActiveUser_Subscription_CashCard.HOOQ_Web_ActiveUser_Subscription_CashCard(HOOQ_Web_ActiveUser_Subscription_CashCard.java:56)
	at sun.reflect.NativeMethodAccessorImpl.invoke0(Native Method)
	at sun.reflect.NativeMethodAccessorImpl.invoke(NativeMethodAccessorImpl.java:62)
	at sun.reflect.DelegatingMethodAccessorImpl.invoke(DelegatingMethodAccessorImpl.java:43)
	at java.lang.reflect.Method.invoke(Method.java:498)
	at org.testng.internal.MethodInvocationHelper.invokeMethod(MethodInvocationHelper.java:86)
	at org.testng.internal.Invoker.invokeMethod(Invoker.java:643)
	at org.testng.internal.Invoker.invokeTestMethod(Invoker.java:820)
	at org.testng.internal.Invoker.invokeTestMethods(Invoker.java:1128)
	at org.testng.internal.TestMethodWorker.invokeTestMethods(TestMethodWorker.java:129)
	at org.testng.internal.TestMethodWorker.run(TestMethodWorker.java:112)
	at org.testng.TestRunner.privateRun(TestRunner.java:782)
	at org.testng.TestRunner.run(TestRunner.java:632)
	at org.testng.SuiteRunner.runTest(SuiteRunner.java:366)
	at org.testng.SuiteRunner.runSequentially(SuiteRunner.java:361)
	at org.testng.SuiteRunner.privateRun(SuiteRunner.java:319)
	at org.testng.SuiteRunner.run(SuiteRunner.java:268)
	at org.testng.SuiteRunnerWorker.runSuite(SuiteRunnerWorker.java:52)
	at org.testng.SuiteRunnerWorker.run(SuiteRunnerWorker.java:86)
	at org.testng.TestNG.runSuitesSequentially(TestNG.java:1244)
	at org.testng.TestNG.runSuitesLocally(TestNG.java:1169)
	at org.testng.TestNG.run(TestNG.java:1064)
	at org.apache.maven.surefire.testng.TestNGExecutor.run(TestNGExecutor.java:283)
	at org.apache.maven.surefire.testng.TestNGXmlTestSuite.execute(TestNGXmlTestSuite.java:75)
	at org.apache.maven.surefire.testng.TestNGProvider.invoke(TestNGProvider.java:120)
	at org.apache.maven.surefire.booter.ForkedBooter.invokeProviderInSameClassLoader(ForkedBooter.java:386)
	at org.apache.maven.surefire.booter.ForkedBooter.runSuitesInProcess(ForkedBooter.java:323)
	at org.apache.maven.surefire.booter.ForkedBooter.main(ForkedBooter.java:143)
java.io.FileNotFoundException: Error Occurred while taking screenshot (The system cannot find the file specified)
	at java.io.FileInputStream.open0(Native Method)
	at java.io.FileInputStream.open(FileInputStream.java:195)
	at java.io.FileInputStream.<init>(FileInputStream.java:138)
	at com.web.automation.accelerators.ActionsLibrary.staticCopyFile(ActionsLibrary.java:5756)
	at com.web.automation.logs.ExtentLogs.fail(ExtentLogs.java:76)
	at tv.hooq.web.scripts.HOOQ_Web_ActiveUser_Subscription_CashCard.HOOQ_Web_ActiveUser_Subscription_CashCard(HOOQ_Web_ActiveUser_Subscription_CashCard.java:56)
	at sun.reflect.NativeMethodAccessorImpl.invoke0(Native Method)
	at sun.reflect.NativeMethodAccessorImpl.invoke(NativeMethodAccessorImpl.java:62)
	at sun.reflect.DelegatingMethodAccessorImpl.invoke(DelegatingMethodAccessorImpl.java:43)
	at java.lang.reflect.Method.invoke(Method.java:498)
	at org.testng.internal.MethodInvocationHelper.invokeMethod(MethodInvocationHelper.java:86)
	at org.testng.internal.Invoker.invokeMethod(Invoker.java:643)
	at org.testng.internal.Invoker.invokeTestMethod(Invoker.java:820)
	at org.testng.internal.Invoker.invokeTestMethods(Invoker.java:1128)
	at org.testng.internal.TestMethodWorker.invokeTestMethods(TestMethodWorker.java:129)
	at org.testng.internal.TestMethodWorker.run(TestMethodWorker.java:112)
	at org.testng.TestRunner.privateRun(TestRunner.java:782)
	at org.testng.TestRunner.run(TestRunner.java:632)
	at org.testng.SuiteRunner.runTest(SuiteRunner.java:366)
	at org.testng.SuiteRunner.runSequentially(SuiteRunner.java:361)
	at org.testng.SuiteRunner.privateRun(SuiteRunner.java:319)
	at org.testng.SuiteRunner.run(SuiteRunner.java:268)
	at org.testng.SuiteRunnerWorker.runSuite(SuiteRunnerWorker.java:52)
	at org.testng.SuiteRunnerWorker.run(SuiteRunnerWorker.java:86)
	at org.testng.TestNG.runSuitesSequentially(TestNG.java:1244)
	at org.testng.TestNG.runSuitesLocally(TestNG.java:1169)
	at org.testng.TestNG.run(TestNG.java:1064)
	at org.apache.maven.surefire.testng.TestNGExecutor.run(TestNGExecutor.java:283)
	at org.apache.maven.surefire.testng.TestNGXmlTestSuite.execute(TestNGXmlTestSuite.java:75)
	at org.apache.maven.surefire.testng.TestNGProvider.invoke(TestNGProvider.java:120)
	at org.apache.maven.surefire.booter.ForkedBooter.invokeProviderInSameClassLoader(ForkedBooter.java:386)
	at org.apache.maven.surefire.booter.ForkedBooter.runSuitesInProcess(ForkedBooter.java:323)
	at org.apache.maven.surefire.booter.ForkedBooter.main(ForkedBooter.java:143)
org.openqa.selenium.NoSuchWindowException: no such window: target window already closed
from unknown error: web view not found
  (Session info: chrome=63.0.3239.108)
  (Driver info: chromedriver=2.33.506120 (e3e53437346286c0bc2d2dc9aa4915ba81d9023f),platform=Windows NT 10.0.10586 x86_64) (WARNING: The server did not provide any stacktrace information)
Command duration or timeout: 3 milliseconds
Build info: version: 'unknown', revision: 'f233563', time: '2016-07-28 17:43:42 -0700'
System info: host: 'CTLINDT-0792', ip: '10.62.66.71', os.name: 'Windows 10', os.arch: 'amd64', os.version: '10.0', java.version: '1.8.0_111'
Driver info: org.openqa.selenium.chrome.ChromeDriver
Capabilities [{applicationCacheEnabled=false, rotatable=false, mobileEmulationEnabled=false, networkConnectionEnabled=false, chrome={chromedriverVersion=2.33.506120 (e3e53437346286c0bc2d2dc9aa4915ba81d9023f), userDataDir=C:\Users\E002159\AppData\Local\Temp\scoped_dir13372_8102}, takesHeapSnapshot=true, pageLoadStrategy=normal, databaseEnabled=false, handlesAlerts=true, hasTouchScreen=false, version=63.0.3239.108, platform=XP, browserConnectionEnabled=false, nativeEvents=true, acceptSslCerts=true, locationContextEnabled=true, webStorageEnabled=true, browserName=chrome, takesScreenshot=true, javascriptEnabled=true, cssSelectorsEnabled=true, setWindowRect=true, unexpectedAlertBehaviour=}]
Session ID: 37c14d504020035d1e6cd22a23b27d6d
	at sun.reflect.NativeConstructorAccessorImpl.newInstance0(Native Method)
	at sun.reflect.NativeConstructorAccessorImpl.newInstance(NativeConstructorAccessorImpl.java:62)
	at sun.reflect.DelegatingConstructorAccessorImpl.newInstance(DelegatingConstructorAccessorImpl.java:45)
	at java.lang.reflect.Constructor.newInstance(Constructor.java:423)
	at org.openqa.selenium.remote.ErrorHandler.createThrowable(ErrorHandler.java:206)
	at org.openqa.selenium.remote.ErrorHandler.throwIfResponseFailed(ErrorHandler.java:158)
	at org.openqa.selenium.remote.RemoteWebDriver.execute(RemoteWebDriver.java:683)
	at org.openqa.selenium.remote.RemoteWebDriver.execute(RemoteWebDriver.java:706)
	at org.openqa.selenium.remote.RemoteWebDriver.getWindowHandle(RemoteWebDriver.java:560)
	at com.web.automation.accelerators.ActionsLibrary.saveScreenshot(ActionsLibrary.java:3856)
	at com.web.automation.logs.ExtentLogs.fail(ExtentLogs.java:68)
	at tv.hooq.web.scripts.HOOQ_Web_ActiveUser_Subscription_CashCard.HOOQ_Web_ActiveUser_Subscription_CashCard(HOOQ_Web_ActiveUser_Subscription_CashCard.java:83)
	at sun.reflect.NativeMethodAccessorImpl.invoke0(Native Method)
	at sun.reflect.NativeMethodAccessorImpl.invoke(NativeMethodAccessorImpl.java:62)
	at sun.reflect.DelegatingMethodAccessorImpl.invoke(DelegatingMethodAccessorImpl.java:43)
	at java.lang.reflect.Method.invoke(Method.java:498)
	at org.testng.internal.MethodInvocationHelper.invokeMethod(MethodInvocationHelper.java:86)
	at org.testng.internal.Invoker.invokeMethod(Invoker.java:643)
	at org.testng.internal.Invoker.invokeTestMethod(Invoker.java:820)
	at org.testng.internal.Invoker.invokeTestMethods(Invoker.java:1128)
	at org.testng.internal.TestMethodWorker.invokeTestMethods(TestMethodWorker.java:129)
	at org.testng.internal.TestMethodWorker.run(TestMethodWorker.java:112)
	at org.testng.TestRunner.privateRun(TestRunner.java:782)
	at org.testng.TestRunner.run(TestRunner.java:632)
	at org.testng.SuiteRunner.runTest(SuiteRunner.java:366)
	at org.testng.SuiteRunner.runSequentially(SuiteRunner.java:361)
	at org.testng.SuiteRunner.privateRun(SuiteRunner.java:319)
	at org.testng.SuiteRunner.run(SuiteRunner.java:268)
	at org.testng.SuiteRunnerWorker.runSuite(SuiteRunnerWorker.java:52)
	at org.testng.SuiteRunnerWorker.run(SuiteRunnerWorker.java:86)
	at org.testng.TestNG.runSuitesSequentially(TestNG.java:1244)
	at org.testng.TestNG.runSuitesLocally(TestNG.java:1169)
	at org.testng.TestNG.run(TestNG.java:1064)
	at org.apache.maven.surefire.testng.TestNGExecutor.run(TestNGExecutor.java:283)
	at org.apache.maven.surefire.testng.TestNGXmlTestSuite.execute(TestNGXmlTestSuite.java:75)
	at org.apache.maven.surefire.testng.TestNGProvider.invoke(TestNGProvider.java:120)
	at org.apache.maven.surefire.booter.ForkedBooter.invokeProviderInSameClassLoader(ForkedBooter.java:386)
	at org.apache.maven.surefire.booter.ForkedBooter.runSuitesInProcess(ForkedBooter.java:323)
	at org.apache.maven.surefire.booter.ForkedBooter.main(ForkedBooter.java:143)
java.io.FileNotFoundException: Error Occurred while taking screenshot (The system cannot find the file specified)
	at java.io.FileInputStream.open0(Native Method)
	at java.io.FileInputStream.open(FileInputStream.java:195)
	at java.io.FileInputStream.<init>(FileInputStream.java:138)
	at com.web.automation.accelerators.ActionsLibrary.staticCopyFile(ActionsLibrary.java:5756)
	at com.web.automation.logs.ExtentLogs.fail(ExtentLogs.java:76)
	at tv.hooq.web.scripts.HOOQ_Web_ActiveUser_Subscription_CashCard.HOOQ_Web_ActiveUser_Subscription_CashCard(HOOQ_Web_ActiveUser_Subscription_CashCard.java:83)
	at sun.reflect.NativeMethodAccessorImpl.invoke0(Native Method)
	at sun.reflect.NativeMethodAccessorImpl.invoke(NativeMethodAccessorImpl.java:62)
	at sun.reflect.DelegatingMethodAccessorImpl.invoke(DelegatingMethodAccessorImpl.java:43)
	at java.lang.reflect.Method.invoke(Method.java:498)
	at org.testng.internal.MethodInvocationHelper.invokeMethod(MethodInvocationHelper.java:86)
	at org.testng.internal.Invoker.invokeMethod(Invoker.java:643)
	at org.testng.internal.Invoker.invokeTestMethod(Invoker.java:820)
	at org.testng.internal.Invoker.invokeTestMethods(Invoker.java:1128)
	at org.testng.internal.TestMethodWorker.invokeTestMethods(TestMethodWorker.java:129)
	at org.testng.internal.TestMethodWorker.run(TestMethodWorker.java:112)
	at org.testng.TestRunner.privateRun(TestRunner.java:782)
	at org.testng.TestRunner.run(TestRunner.java:632)
	at org.testng.SuiteRunner.runTest(SuiteRunner.java:366)
	at org.testng.SuiteRunner.runSequentially(SuiteRunner.java:361)
	at org.testng.SuiteRunner.privateRun(SuiteRunner.java:319)
	at org.testng.SuiteRunner.run(SuiteRunner.java:268)
	at org.testng.SuiteRunnerWorker.runSuite(SuiteRunnerWorker.java:52)
	at org.testng.SuiteRunnerWorker.run(SuiteRunnerWorker.java:86)
	at org.testng.TestNG.runSuitesSequentially(TestNG.java:1244)
	at org.testng.TestNG.runSuitesLocally(TestNG.java:1169)
	at org.testng.TestNG.run(TestNG.java:1064)
	at org.apache.maven.surefire.testng.TestNGExecutor.run(TestNGExecutor.java:283)
	at org.apache.maven.surefire.testng.TestNGXmlTestSuite.execute(TestNGXmlTestSuite.java:75)
	at org.apache.maven.surefire.testng.TestNGProvider.invoke(TestNGProvider.java:120)
	at org.apache.maven.surefire.booter.ForkedBooter.invokeProviderInSameClassLoader(ForkedBooter.java:386)
	at org.apache.maven.surefire.booter.ForkedBooter.runSuitesInProcess(ForkedBooter.java:323)
	at org.apache.maven.surefire.booter.ForkedBooter.main(ForkedBooter.java:143)
]]></system-err>
  </testcase>
</testsuite>r.ForkedBooter.runSuitesInProcess(ForkedBooter.java:323)
	at org.apache.maven.surefire.booter.ForkedBooter.main(ForkedBooter.java:143)
]]></system-err>
  </testcase>
</testsuite>