-------------------------------------------------------------------------------
Test set: TestSuite
-------------------------------------------------------------------------------
Tests run: 1, Failures: 1, Errors: 0, Skipped: 0, Time elapsed: 210.232 s <<< FAILURE! - in TestSuite
HOOQ_Web_ActiveUser_Subscription_CashCard(tv.hooq.web.scripts.HOOQ_Web_ActiveUser_Subscription_CashCard)  Time elapsed: 150.931 s  <<< FAILURE!
java.lang.AssertionError: Test Case Failed because - Failed to complete HOOQ Web ActiveUser SubscriptionSection
	at tv.hooq.web.scripts.HOOQ_Web_ActiveUser_Subscription_CashCard.TestCaseStatus(HOOQ_Web_ActiveUser_Subscription_CashCard.java:37)
	at tv.hooq.web.scripts.HOOQ_Web_ActiveUser_Subscription_CashCard.HOOQ_Web_ActiveUser_Subscription_CashCard(HOOQ_Web_ActiveUser_Subscription_CashCard.java:86)

