<?xml version="1.0" encoding="UTF-8"?>
<!-- Generated by org.testng.reporters.JUnitReportReporter -->
<testsuite hostname="HW1374" name="tv.hooq.web.scripts.HOOQ_Web_ActiveUser_AddingFavouriteTVODContent" tests="1" failures="0" timestamp="24 Oct 2017 10:21:26 GMT" time="221.594" errors="0">
  <testcase name="HOOQ_Web_ActiveUser_AddingFavouriteTVODContent" time="221.594" classname="tv.hooq.web.scripts.HOOQ_Web_ActiveUser_AddingFavouriteTVODContent"/>
</testsuite> <!-- tv.hooq.web.scripts.HOOQ_Web_ActiveUser_AddingFavouriteTVODContent -->
